#
# There is insufficient memory for the Java Runtime Environment to continue.
# Native memory allocation (malloc) failed to allocate 1184496 bytes for Chunk::new
# Possible reasons:
#   The system is out of physical RAM or swap space
#   The process is running with CompressedOops enabled, and the Java Heap may be blocking the growth of the native heap
# Possible solutions:
#   Reduce memory load on the system
#   Increase physical memory or swap space
#   Check if swap backing store is full
#   Decrease Java heap size (-Xmx/-Xms)
#   Decrease number of Java threads
#   Decrease Java thread stack sizes (-Xss)
#   Set larger code cache with -XX:ReservedCodeCacheSize=
#   JVM is running with Unscaled Compressed Oops mode in which the Java heap is
#     placed in the first 4GB address space. The Java Heap base address is the
#     maximum limit for the native heap growth. Please use -XX:HeapBaseMinAddress
#     to set the Java Heap base and to place the Java Heap above 4GB virtual address.
# This output file may be truncated or incomplete.
#
#  Out of Memory Error (arena.cpp:189), pid=8504, tid=12928
#
# JRE version: Java(TM) SE Runtime Environment (17.0.12+8) (build 17.0.12+8-LTS-286)
# Java VM: Java HotSpot(TM) 64-Bit Server VM (17.0.12+8-LTS-286, mixed mode, sharing, tiered, compressed oops, compressed class ptrs, g1 gc, windows-amd64)
# No core dump will be written. Minidumps are not enabled by default on client versions of Windows
#

---------------  S U M M A R Y ------------

Command Line: c:\Users\Bopaki\.vscode\extensions\salesforce.salesforce-vscode-slds-2.0.12\lsp-2.0.12-executable.jar --PORT=63593

Host: AMD Ryzen 5 5500U with Radeon Graphics         , 12 cores, 7G,  Windows 11 , 64 bit Build 26100 (10.0.26100.2454)
Time: Sat Jan 25 21:29:51 2025 Jerusalem Standard Time elapsed time: 818.859386 seconds (0d 0h 13m 38s)

---------------  T H R E A D  ---------------

Current thread (0x000001cafb1c7f50):  JavaThread "C2 CompilerThread0" daemon [_thread_in_native, id=12928, stack(0x00000093ba000000,0x00000093ba100000)]


Current CompileTask:
C2: 818860 5358       4       com.google.gson.stream.JsonReader::nextQuotedValue (294 bytes)

Stack: [0x00000093ba000000,0x00000093ba100000]
Native frames: (J=compiled Java code, j=interpreted, Vv=VM code, C=native code)
V  [jvm.dll+0x67a04a]
V  [jvm.dll+0x7da4ed]
V  [jvm.dll+0x7dbe33]
V  [jvm.dll+0x7dc4a3]
V  [jvm.dll+0x24508f]
V  [jvm.dll+0xab773]
V  [jvm.dll+0xabd3c]
V  [jvm.dll+0x361b9f]
V  [jvm.dll+0x32c431]
V  [jvm.dll+0x32b8ca]
V  [jvm.dll+0x21683f]
V  [jvm.dll+0x215c6f]
V  [jvm.dll+0x1a2960]
V  [jvm.dll+0x22610b]
V  [jvm.dll+0x2242ab]
V  [jvm.dll+0x79075c]
V  [jvm.dll+0x78abea]
V  [jvm.dll+0x678f35]
C  [ucrtbase.dll+0x14ea0]
C  [KERNEL32.DLL+0x2e8d7]
C  [ntdll.dll+0xdfbcc]


---------------  P R O C E S S  ---------------

Threads class SMR info:
_java_thread_list=0x000001cac717e620, length=25, elements={
0x000001cafb1a4790, 0x000001cafb1a7020, 0x000001cafb1c27c0, 0x000001cafb1c5190,
0x000001cafb1c5b50, 0x000001cafb1c6510, 0x000001cafb1c7f50, 0x000001cafb1cbd90,
0x000001cafb1ce9c0, 0x000001cac5156500, 0x000001cac5156b90, 0x000001cac534a450,
0x000001cac6effe80, 0x000001cafb1b4900, 0x000001cafb1b6760, 0x000001cafb1b4e10,
0x000001cafb1b5320, 0x000001cafb1b5830, 0x000001cafb1b5d40, 0x000001cafb1b6250,
0x000001cac6d8a890, 0x000001cac6d89960, 0x000001cac6d8ada0, 0x000001cac6d8a380,
0x000001cac6d8b2b0
}

Java Threads: ( => current thread )
  0x000001cafb1a4790 JavaThread "Reference Handler" daemon [_thread_blocked, id=7652, stack(0x00000093b9a00000,0x00000093b9b00000)]
  0x000001cafb1a7020 JavaThread "Finalizer" daemon [_thread_blocked, id=8152, stack(0x00000093b9b00000,0x00000093b9c00000)]
  0x000001cafb1c27c0 JavaThread "Signal Dispatcher" daemon [_thread_blocked, id=3172, stack(0x00000093b9c00000,0x00000093b9d00000)]
  0x000001cafb1c5190 JavaThread "Attach Listener" daemon [_thread_blocked, id=2504, stack(0x00000093b9d00000,0x00000093b9e00000)]
  0x000001cafb1c5b50 JavaThread "Service Thread" daemon [_thread_blocked, id=22076, stack(0x00000093b9e00000,0x00000093b9f00000)]
  0x000001cafb1c6510 JavaThread "Monitor Deflation Thread" daemon [_thread_blocked, id=13860, stack(0x00000093b9f00000,0x00000093ba000000)]
=>0x000001cafb1c7f50 JavaThread "C2 CompilerThread0" daemon [_thread_in_native, id=12928, stack(0x00000093ba000000,0x00000093ba100000)]
  0x000001cafb1cbd90 JavaThread "C1 CompilerThread0" daemon [_thread_blocked, id=11208, stack(0x00000093ba100000,0x00000093ba200000)]
  0x000001cafb1ce9c0 JavaThread "Sweeper thread" daemon [_thread_blocked, id=33976, stack(0x00000093ba200000,0x00000093ba300000)]
  0x000001cac5156500 JavaThread "Notification Thread" daemon [_thread_blocked, id=28428, stack(0x00000093ba300000,0x00000093ba400000)]
  0x000001cac5156b90 JavaThread "Common-Cleaner" daemon [_thread_blocked, id=22804, stack(0x00000093ba500000,0x00000093ba600000)]
  0x000001cac534a450 JavaThread "Cleaner-0" daemon [_thread_blocked, id=34788, stack(0x00000093ba600000,0x00000093ba700000)]
  0x000001cac6effe80 JavaThread "pool-2-thread-1" [_thread_in_native, id=14748, stack(0x00000093bb300000,0x00000093bb400000)]
  0x000001cafb1b4900 JavaThread "DestroyJavaVM" [_thread_blocked, id=20256, stack(0x00000093b9200000,0x00000093b9300000)]
  0x000001cafb1b6760 JavaThread "ForkJoinPool.commonPool-worker-1" daemon [_thread_blocked, id=4108, stack(0x00000093bac00000,0x00000093bad00000)]
  0x000001cafb1b4e10 JavaThread "ForkJoinPool.commonPool-worker-2" daemon [_thread_blocked, id=38868, stack(0x00000093bb400000,0x00000093bb500000)]
  0x000001cafb1b5320 JavaThread "ForkJoinPool.commonPool-worker-3" daemon [_thread_blocked, id=8684, stack(0x00000093bb500000,0x00000093bb600000)]
  0x000001cafb1b5830 JavaThread "ForkJoinPool.commonPool-worker-4" daemon [_thread_blocked, id=39728, stack(0x00000093bb600000,0x00000093bb700000)]
  0x000001cafb1b5d40 JavaThread "ForkJoinPool.commonPool-worker-5" daemon [_thread_blocked, id=34448, stack(0x00000093bb700000,0x00000093bb800000)]
  0x000001cafb1b6250 JavaThread "ForkJoinPool.commonPool-worker-6" daemon [_thread_blocked, id=1648, stack(0x00000093bb800000,0x00000093bb900000)]
  0x000001cac6d8a890 JavaThread "ForkJoinPool.commonPool-worker-7" daemon [_thread_blocked, id=6284, stack(0x00000093bb900000,0x00000093bba00000)]
  0x000001cac6d89960 JavaThread "ForkJoinPool.commonPool-worker-8" daemon [_thread_blocked, id=36376, stack(0x00000093bba00000,0x00000093bbb00000)]
  0x000001cac6d8ada0 JavaThread "ForkJoinPool.commonPool-worker-9" daemon [_thread_blocked, id=25292, stack(0x00000093bbb00000,0x00000093bbc00000)]
  0x000001cac6d8a380 JavaThread "ForkJoinPool.commonPool-worker-10" daemon [_thread_blocked, id=33436, stack(0x00000093bbc00000,0x00000093bbd00000)]
  0x000001cac6d8b2b0 JavaThread "ForkJoinPool.commonPool-worker-11" daemon [_thread_blocked, id=12208, stack(0x00000093bbd00000,0x00000093bbe00000)]

Other Threads:
  0x000001cafb19b0d0 VMThread "VM Thread" [stack: 0x00000093b9900000,0x00000093b9a00000] [id=25988]
  0x000001cadd225f90 WatcherThread [stack: 0x00000093ba400000,0x00000093ba500000] [id=3080]
  0x000001cadd212ee0 GCTaskThread "GC Thread#0" [stack: 0x00000093b9400000,0x00000093b9500000] [id=37344]
  0x000001cac61e6b40 GCTaskThread "GC Thread#1" [stack: 0x00000093ba800000,0x00000093ba900000] [id=31164]
  0x000001cac6338c40 GCTaskThread "GC Thread#2" [stack: 0x00000093ba900000,0x00000093baa00000] [id=27384]
  0x000001cac6338f00 GCTaskThread "GC Thread#3" [stack: 0x00000093baa00000,0x00000093bab00000] [id=26688]
  0x000001cac63391c0 GCTaskThread "GC Thread#4" [stack: 0x00000093bab00000,0x00000093bac00000] [id=26716]
  0x000001cac6fa28b0 GCTaskThread "GC Thread#5" [stack: 0x00000093ba700000,0x00000093ba800000] [id=19480]
  0x000001cac6fa2070 GCTaskThread "GC Thread#6" [stack: 0x00000093bad00000,0x00000093bae00000] [id=18040]
  0x000001cac6fa3670 GCTaskThread "GC Thread#7" [stack: 0x00000093bae00000,0x00000093baf00000] [id=2580]
  0x000001cac6fa3bf0 GCTaskThread "GC Thread#8" [stack: 0x00000093baf00000,0x00000093bb000000] [id=20732]
  0x000001cac6fa2330 GCTaskThread "GC Thread#9" [stack: 0x00000093bb000000,0x00000093bb100000] [id=18624]
  0x000001cadd222a10 ConcurrentGCThread "G1 Main Marker" [stack: 0x00000093b9500000,0x00000093b9600000] [id=38300]
  0x000001cadd224170 ConcurrentGCThread "G1 Conc#0" [stack: 0x00000093b9600000,0x00000093b9700000] [id=35088]
  0x000001cac6fa3930 ConcurrentGCThread "G1 Conc#1" [stack: 0x00000093bb100000,0x00000093bb200000] [id=32664]
  0x000001cac6fa25f0 ConcurrentGCThread "G1 Conc#2" [stack: 0x00000093bb200000,0x00000093bb300000] [id=35352]
  0x000001cadd25eba0 ConcurrentGCThread "G1 Refine#0" [stack: 0x00000093b9700000,0x00000093b9800000] [id=2168]
  0x000001cafb048790 ConcurrentGCThread "G1 Service" [stack: 0x00000093b9800000,0x00000093b9900000] [id=34516]

Threads with active compile tasks:
C2 CompilerThread0   818943 5358       4       com.google.gson.stream.JsonReader::nextQuotedValue (294 bytes)

VM state: not at safepoint (normal execution)

VM Mutex/Monitor currently owned by a thread: None

Heap address: 0x000000008ac00000, size: 1876 MB, Compressed Oops mode: 32-bit

CDS archive(s) mapped at: [0x000001ca80000000-0x000001ca80bd0000-0x000001ca80bd0000), size 12386304, SharedBaseAddress: 0x000001ca80000000, ArchiveRelocationMode: 1.
Compressed class space mapped at: 0x000001ca81000000-0x000001cac1000000, reserved size: 1073741824
Narrow klass base: 0x000001ca80000000, Narrow klass shift: 0, Narrow klass range: 0x100000000

GC Precious Log:
 CPUs: 12 total, 12 available
 Memory: 7501M
 Large Page Support: Disabled
 NUMA Support: Disabled
 Compressed Oops: Enabled (32-bit)
 Heap Region Size: 1M
 Heap Min Capacity: 8M
 Heap Initial Capacity: 118M
 Heap Max Capacity: 1876M
 Pre-touch: Disabled
 Parallel Workers: 10
 Concurrent Workers: 3
 Concurrent Refinement Workers: 10
 Periodic GC: Disabled

Heap:
 garbage-first heap   total 323584K, used 95970K [0x000000008ac00000, 0x0000000100000000)
  region size 1024K, 2 young (2048K), 1 survivors (1024K)
 Metaspace       used 27742K, committed 28224K, reserved 1114112K
  class space    used 3389K, committed 3648K, reserved 1048576K

Heap Regions: E=young(eden), S=young(survivor), O=old, HS=humongous(starts), HC=humongous(continues), CS=collection set, F=free, OA=open archive, CA=closed archive, TAMS=top-at-mark-start (previous, next)
|   0|0x000000008ac00000, 0x000000008ad00000, 0x000000008ad00000|100%| O|  |TAMS 0x000000008ad00000, 0x000000008ad00000| Untracked 
|   1|0x000000008ad00000, 0x000000008ae00000, 0x000000008ae00000|100%| O|  |TAMS 0x000000008ae00000, 0x000000008ae00000| Untracked 
|   2|0x000000008ae00000, 0x000000008af00000, 0x000000008af00000|100%| O|  |TAMS 0x000000008af00000, 0x000000008af00000| Untracked 
|   3|0x000000008af00000, 0x000000008b000000, 0x000000008b000000|100%| O|  |TAMS 0x000000008b000000, 0x000000008b000000| Untracked 
|   4|0x000000008b000000, 0x000000008b100000, 0x000000008b100000|100%| O|  |TAMS 0x000000008b100000, 0x000000008b100000| Untracked 
|   5|0x000000008b100000, 0x000000008b200000, 0x000000008b200000|100%| O|  |TAMS 0x000000008b200000, 0x000000008b200000| Untracked 
|   6|0x000000008b200000, 0x000000008b300000, 0x000000008b300000|100%| O|  |TAMS 0x000000008b300000, 0x000000008b300000| Untracked 
|   7|0x000000008b300000, 0x000000008b400000, 0x000000008b400000|100%| O|  |TAMS 0x000000008b400000, 0x000000008b400000| Untracked 
|   8|0x000000008b400000, 0x000000008b500000, 0x000000008b500000|100%| O|  |TAMS 0x000000008b500000, 0x000000008b500000| Untracked 
|   9|0x000000008b500000, 0x000000008b600000, 0x000000008b600000|100%| O|  |TAMS 0x000000008b600000, 0x000000008b600000| Untracked 
|  10|0x000000008b600000, 0x000000008b700000, 0x000000008b700000|100%| O|  |TAMS 0x000000008b700000, 0x000000008b700000| Untracked 
|  11|0x000000008b700000, 0x000000008b800000, 0x000000008b800000|100%| O|  |TAMS 0x000000008b800000, 0x000000008b800000| Untracked 
|  12|0x000000008b800000, 0x000000008b900000, 0x000000008b900000|100%| O|  |TAMS 0x000000008b900000, 0x000000008b900000| Untracked 
|  13|0x000000008b900000, 0x000000008ba00000, 0x000000008ba00000|100%| O|  |TAMS 0x000000008ba00000, 0x000000008ba00000| Untracked 
|  14|0x000000008ba00000, 0x000000008bb00000, 0x000000008bb00000|100%| O|  |TAMS 0x000000008ba00000, 0x000000008bb00000| Untracked 
|  15|0x000000008bb00000, 0x000000008bc00000, 0x000000008bc00000|100%| O|  |TAMS 0x000000008bb00000, 0x000000008bc00000| Untracked 
|  16|0x000000008bc00000, 0x000000008bd00000, 0x000000008bd00000|100%| O|  |TAMS 0x000000008bd00000, 0x000000008bd00000| Untracked 
|  17|0x000000008bd00000, 0x000000008be00000, 0x000000008be00000|100%| O|  |TAMS 0x000000008be00000, 0x000000008be00000| Untracked 
|  18|0x000000008be00000, 0x000000008bf00000, 0x000000008bf00000|100%| O|  |TAMS 0x000000008bf00000, 0x000000008bf00000| Untracked 
|  19|0x000000008bf00000, 0x000000008c000000, 0x000000008c000000|100%| O|  |TAMS 0x000000008bf00000, 0x000000008c000000| Untracked 
|  20|0x000000008c000000, 0x000000008c100000, 0x000000008c100000|100%| O|  |TAMS 0x000000008c000000, 0x000000008c100000| Untracked 
|  21|0x000000008c100000, 0x000000008c200000, 0x000000008c200000|100%|HS|  |TAMS 0x000000008c200000, 0x000000008c200000| Complete 
|  22|0x000000008c200000, 0x000000008c300000, 0x000000008c300000|100%|HC|  |TAMS 0x000000008c300000, 0x000000008c300000| Complete 
|  23|0x000000008c300000, 0x000000008c400000, 0x000000008c400000|100%| O|  |TAMS 0x000000008c300000, 0x000000008c400000| Untracked 
|  24|0x000000008c400000, 0x000000008c500000, 0x000000008c500000|100%| O|  |TAMS 0x000000008c400000, 0x000000008c500000| Untracked 
|  25|0x000000008c500000, 0x000000008c600000, 0x000000008c600000|100%| O|  |TAMS 0x000000008c600000, 0x000000008c600000| Untracked 
|  26|0x000000008c600000, 0x000000008c700000, 0x000000008c700000|100%| O|  |TAMS 0x000000008c700000, 0x000000008c700000| Untracked 
|  27|0x000000008c700000, 0x000000008c800000, 0x000000008c800000|100%| O|  |TAMS 0x000000008c700000, 0x000000008c800000| Untracked 
|  28|0x000000008c800000, 0x000000008c900000, 0x000000008c900000|100%| O|  |TAMS 0x000000008c800000, 0x000000008c900000| Untracked 
|  29|0x000000008c900000, 0x000000008ca00000, 0x000000008ca00000|100%| O|  |TAMS 0x000000008ca00000, 0x000000008ca00000| Untracked 
|  30|0x000000008ca00000, 0x000000008cb00000, 0x000000008cb00000|100%| O|  |TAMS 0x000000008cb00000, 0x000000008cb00000| Untracked 
|  31|0x000000008cb00000, 0x000000008cc00000, 0x000000008cc00000|100%| O|  |TAMS 0x000000008cc00000, 0x000000008cc00000| Untracked 
|  32|0x000000008cc00000, 0x000000008cd00000, 0x000000008cd00000|100%| O|  |TAMS 0x000000008cd00000, 0x000000008cd00000| Untracked 
|  33|0x000000008cd00000, 0x000000008ce00000, 0x000000008ce00000|100%| O|  |TAMS 0x000000008cd00000, 0x000000008ce00000| Untracked 
|  34|0x000000008ce00000, 0x000000008cf00000, 0x000000008cf00000|100%| O|  |TAMS 0x000000008ce00000, 0x000000008cf00000| Untracked 
|  35|0x000000008cf00000, 0x000000008d000000, 0x000000008d000000|100%| O|  |TAMS 0x000000008cf00000, 0x000000008d000000| Untracked 
|  36|0x000000008d000000, 0x000000008d100000, 0x000000008d100000|100%| O|  |TAMS 0x000000008d000000, 0x000000008d100000| Untracked 
|  37|0x000000008d100000, 0x000000008d200000, 0x000000008d200000|100%| O|  |TAMS 0x000000008d100000, 0x000000008d200000| Untracked 
|  38|0x000000008d200000, 0x000000008d300000, 0x000000008d300000|100%| O|  |TAMS 0x000000008d200000, 0x000000008d300000| Untracked 
|  39|0x000000008d300000, 0x000000008d400000, 0x000000008d400000|100%| O|  |TAMS 0x000000008d300000, 0x000000008d400000| Untracked 
|  40|0x000000008d400000, 0x000000008d500000, 0x000000008d500000|100%| O|  |TAMS 0x000000008d400000, 0x000000008d500000| Untracked 
|  41|0x000000008d500000, 0x000000008d600000, 0x000000008d600000|100%| O|  |TAMS 0x000000008d500000, 0x000000008d600000| Untracked 
|  42|0x000000008d600000, 0x000000008d700000, 0x000000008d700000|100%| O|  |TAMS 0x000000008d600000, 0x000000008d700000| Untracked 
|  43|0x000000008d700000, 0x000000008d800000, 0x000000008d800000|100%| O|  |TAMS 0x000000008d700000, 0x000000008d800000| Untracked 
|  44|0x000000008d800000, 0x000000008d900000, 0x000000008d900000|100%| O|  |TAMS 0x000000008d800000, 0x000000008d900000| Untracked 
|  45|0x000000008d900000, 0x000000008da00000, 0x000000008da00000|100%| O|  |TAMS 0x000000008d900000, 0x000000008da00000| Untracked 
|  46|0x000000008da00000, 0x000000008db00000, 0x000000008db00000|100%| O|  |TAMS 0x000000008da00000, 0x000000008db00000| Untracked 
|  47|0x000000008db00000, 0x000000008dc00000, 0x000000008dc00000|100%| O|  |TAMS 0x000000008db00000, 0x000000008dc00000| Untracked 
|  48|0x000000008dc00000, 0x000000008dd00000, 0x000000008dd00000|100%| O|  |TAMS 0x000000008dc00000, 0x000000008dd00000| Untracked 
|  49|0x000000008dd00000, 0x000000008de00000, 0x000000008de00000|100%| O|  |TAMS 0x000000008dd00000, 0x000000008de00000| Untracked 
|  50|0x000000008de00000, 0x000000008df00000, 0x000000008df00000|100%| O|  |TAMS 0x000000008de00000, 0x000000008df00000| Untracked 
|  51|0x000000008df00000, 0x000000008e000000, 0x000000008e000000|100%| O|  |TAMS 0x000000008df00000, 0x000000008e000000| Untracked 
|  52|0x000000008e000000, 0x000000008e100000, 0x000000008e100000|100%| O|  |TAMS 0x000000008e000000, 0x000000008e100000| Untracked 
|  53|0x000000008e100000, 0x000000008e200000, 0x000000008e200000|100%| O|  |TAMS 0x000000008e100000, 0x000000008e200000| Untracked 
|  54|0x000000008e200000, 0x000000008e300000, 0x000000008e300000|100%| O|  |TAMS 0x000000008e200000, 0x000000008e200000| Untracked 
|  55|0x000000008e300000, 0x000000008e400000, 0x000000008e400000|100%| O|  |TAMS 0x000000008e300000, 0x000000008e300000| Untracked 
|  56|0x000000008e400000, 0x000000008e500000, 0x000000008e500000|100%| O|  |TAMS 0x000000008e400000, 0x000000008e500000| Untracked 
|  57|0x000000008e500000, 0x000000008e600000, 0x000000008e600000|100%|HS|  |TAMS 0x000000008e500000, 0x000000008e500000| Complete 
|  58|0x000000008e600000, 0x000000008e700000, 0x000000008e700000|100%|HS|  |TAMS 0x000000008e600000, 0x000000008e600000| Complete 
|  59|0x000000008e700000, 0x000000008e800000, 0x000000008e800000|100%|HC|  |TAMS 0x000000008e700000, 0x000000008e700000| Complete 
|  60|0x000000008e800000, 0x000000008e800000, 0x000000008e900000|  0%| F|  |TAMS 0x000000008e800000, 0x000000008e800000| Untracked 
|  61|0x000000008e900000, 0x000000008ea00000, 0x000000008ea00000|100%|HS|  |TAMS 0x000000008e900000, 0x000000008ea00000| Complete 
|  62|0x000000008ea00000, 0x000000008eb00000, 0x000000008eb00000|100%|HC|  |TAMS 0x000000008ea00000, 0x000000008eb00000| Complete 
|  63|0x000000008eb00000, 0x000000008ec00000, 0x000000008ec00000|100%| O|  |TAMS 0x000000008eb00000, 0x000000008ec00000| Untracked 
|  64|0x000000008ec00000, 0x000000008ed00000, 0x000000008ed00000|100%| O|  |TAMS 0x000000008ec00000, 0x000000008ed00000| Untracked 
|  65|0x000000008ed00000, 0x000000008ee00000, 0x000000008ee00000|100%| O|  |TAMS 0x000000008ed00000, 0x000000008ee00000| Untracked 
|  66|0x000000008ee00000, 0x000000008ef00000, 0x000000008ef00000|100%| O|  |TAMS 0x000000008ee00000, 0x000000008ef00000| Untracked 
|  67|0x000000008ef00000, 0x000000008f000000, 0x000000008f000000|100%| O|  |TAMS 0x000000008ef00000, 0x000000008f000000| Untracked 
|  68|0x000000008f000000, 0x000000008f100000, 0x000000008f100000|100%| O|  |TAMS 0x000000008f000000, 0x000000008f100000| Untracked 
|  69|0x000000008f100000, 0x000000008f200000, 0x000000008f200000|100%| O|  |TAMS 0x000000008f100000, 0x000000008f200000| Untracked 
|  70|0x000000008f200000, 0x000000008f300000, 0x000000008f300000|100%| O|  |TAMS 0x000000008f200000, 0x000000008f300000| Untracked 
|  71|0x000000008f300000, 0x000000008f400000, 0x000000008f400000|100%| O|  |TAMS 0x000000008f300000, 0x000000008f400000| Untracked 
|  72|0x000000008f400000, 0x000000008f500000, 0x000000008f500000|100%| O|  |TAMS 0x000000008f400000, 0x000000008f500000| Untracked 
|  73|0x000000008f500000, 0x000000008f600000, 0x000000008f600000|100%| O|  |TAMS 0x000000008f500000, 0x000000008f600000| Untracked 
|  74|0x000000008f600000, 0x000000008f700000, 0x000000008f700000|100%| O|  |TAMS 0x000000008f600000, 0x000000008f700000| Untracked 
|  75|0x000000008f700000, 0x000000008f800000, 0x000000008f800000|100%| O|  |TAMS 0x000000008f700000, 0x000000008f800000| Untracked 
|  76|0x000000008f800000, 0x000000008f900000, 0x000000008f900000|100%|HS|  |TAMS 0x000000008f800000, 0x000000008f800000| Complete 
|  77|0x000000008f900000, 0x000000008fa00000, 0x000000008fa00000|100%|HC|  |TAMS 0x000000008f900000, 0x000000008f900000| Complete 
|  78|0x000000008fa00000, 0x000000008fb00000, 0x000000008fb00000|100%|HC|  |TAMS 0x000000008fa00000, 0x000000008fa00000| Complete 
|  79|0x000000008fb00000, 0x000000008fc00000, 0x000000008fc00000|100%|HS|  |TAMS 0x000000008fb00000, 0x000000008fb00000| Complete 
|  80|0x000000008fc00000, 0x000000008fd00000, 0x000000008fd00000|100%|HC|  |TAMS 0x000000008fc00000, 0x000000008fc00000| Complete 
|  81|0x000000008fd00000, 0x000000008fe00000, 0x000000008fe00000|100%|HS|  |TAMS 0x000000008fd00000, 0x000000008fd00000| Complete 
|  82|0x000000008fe00000, 0x000000008ff00000, 0x000000008ff00000|100%|HC|  |TAMS 0x000000008fe00000, 0x000000008fe00000| Complete 
|  83|0x000000008ff00000, 0x0000000090000000, 0x0000000090000000|100%|HS|  |TAMS 0x000000008ff00000, 0x000000008ff00000| Complete 
|  84|0x0000000090000000, 0x0000000090100000, 0x0000000090100000|100%|HC|  |TAMS 0x0000000090000000, 0x0000000090000000| Complete 
|  85|0x0000000090100000, 0x0000000090200000, 0x0000000090200000|100%|HS|  |TAMS 0x0000000090100000, 0x0000000090100000| Complete 
|  86|0x0000000090200000, 0x0000000090300000, 0x0000000090300000|100%|HC|  |TAMS 0x0000000090200000, 0x0000000090200000| Complete 
|  87|0x0000000090300000, 0x0000000090400000, 0x0000000090400000|100%|HC|  |TAMS 0x0000000090300000, 0x0000000090300000| Complete 
|  88|0x0000000090400000, 0x0000000090500000, 0x0000000090500000|100%|HC|  |TAMS 0x0000000090400000, 0x0000000090400000| Complete 
|  89|0x0000000090500000, 0x0000000090600000, 0x0000000090600000|100%|HS|  |TAMS 0x0000000090500000, 0x0000000090500000| Complete 
|  90|0x0000000090600000, 0x0000000090700000, 0x0000000090700000|100%|HC|  |TAMS 0x0000000090600000, 0x0000000090600000| Complete 
|  91|0x0000000090700000, 0x0000000090800000, 0x0000000090800000|100%|HS|  |TAMS 0x0000000090700000, 0x0000000090700000| Complete 
|  92|0x0000000090800000, 0x0000000090900000, 0x0000000090900000|100%|HC|  |TAMS 0x0000000090800000, 0x0000000090800000| Complete 
|  93|0x0000000090900000, 0x0000000090900000, 0x0000000090a00000|  0%| F|  |TAMS 0x0000000090900000, 0x0000000090900000| Untracked 
|  94|0x0000000090a00000, 0x0000000090a00000, 0x0000000090b00000|  0%| F|  |TAMS 0x0000000090a00000, 0x0000000090a00000| Untracked 
|  95|0x0000000090b00000, 0x0000000090b00000, 0x0000000090c00000|  0%| F|  |TAMS 0x0000000090b00000, 0x0000000090b00000| Untracked 
|  96|0x0000000090c00000, 0x0000000090c00000, 0x0000000090d00000|  0%| F|  |TAMS 0x0000000090c00000, 0x0000000090c00000| Untracked 
|  97|0x0000000090d00000, 0x0000000090d00000, 0x0000000090e00000|  0%| F|  |TAMS 0x0000000090d00000, 0x0000000090d00000| Untracked 
|  98|0x0000000090e00000, 0x0000000090e00000, 0x0000000090f00000|  0%| F|  |TAMS 0x0000000090e00000, 0x0000000090e00000| Untracked 
|  99|0x0000000090f00000, 0x0000000090f00000, 0x0000000091000000|  0%| F|  |TAMS 0x0000000090f00000, 0x0000000090f00000| Untracked 
| 100|0x0000000091000000, 0x0000000091000000, 0x0000000091100000|  0%| F|  |TAMS 0x0000000091000000, 0x0000000091000000| Untracked 
| 101|0x0000000091100000, 0x0000000091100000, 0x0000000091200000|  0%| F|  |TAMS 0x0000000091100000, 0x0000000091100000| Untracked 
| 102|0x0000000091200000, 0x0000000091200000, 0x0000000091300000|  0%| F|  |TAMS 0x0000000091200000, 0x0000000091200000| Untracked 
| 103|0x0000000091300000, 0x0000000091300000, 0x0000000091400000|  0%| F|  |TAMS 0x0000000091300000, 0x0000000091300000| Untracked 
| 104|0x0000000091400000, 0x0000000091400000, 0x0000000091500000|  0%| F|  |TAMS 0x0000000091400000, 0x0000000091400000| Untracked 
| 105|0x0000000091500000, 0x0000000091500000, 0x0000000091600000|  0%| F|  |TAMS 0x0000000091500000, 0x0000000091500000| Untracked 
| 106|0x0000000091600000, 0x0000000091600000, 0x0000000091700000|  0%| F|  |TAMS 0x0000000091600000, 0x0000000091600000| Untracked 
| 107|0x0000000091700000, 0x0000000091700000, 0x0000000091800000|  0%| F|  |TAMS 0x0000000091700000, 0x0000000091700000| Untracked 
| 108|0x0000000091800000, 0x0000000091800000, 0x0000000091900000|  0%| F|  |TAMS 0x0000000091800000, 0x0000000091800000| Untracked 
| 109|0x0000000091900000, 0x0000000091900000, 0x0000000091a00000|  0%| F|  |TAMS 0x0000000091900000, 0x0000000091900000| Untracked 
| 110|0x0000000091a00000, 0x0000000091a00000, 0x0000000091b00000|  0%| F|  |TAMS 0x0000000091a00000, 0x0000000091a00000| Untracked 
| 111|0x0000000091b00000, 0x0000000091b00000, 0x0000000091c00000|  0%| F|  |TAMS 0x0000000091b00000, 0x0000000091b00000| Untracked 
| 112|0x0000000091c00000, 0x0000000091c00000, 0x0000000091d00000|  0%| F|  |TAMS 0x0000000091c00000, 0x0000000091c00000| Untracked 
| 113|0x0000000091d00000, 0x0000000091d00000, 0x0000000091e00000|  0%| F|  |TAMS 0x0000000091d00000, 0x0000000091d00000| Untracked 
| 114|0x0000000091e00000, 0x0000000091eb8870, 0x0000000091f00000| 72%| S|CS|TAMS 0x0000000091e00000, 0x0000000091e00000| Complete 
| 115|0x0000000091f00000, 0x0000000091f00000, 0x0000000092000000|  0%| F|  |TAMS 0x0000000091f00000, 0x0000000091f00000| Untracked 
| 116|0x0000000092000000, 0x0000000092000000, 0x0000000092100000|  0%| F|  |TAMS 0x0000000092000000, 0x0000000092000000| Untracked 
| 117|0x0000000092100000, 0x0000000092100000, 0x0000000092200000|  0%| F|  |TAMS 0x0000000092100000, 0x0000000092100000| Untracked 
| 118|0x0000000092200000, 0x0000000092200000, 0x0000000092300000|  0%| F|  |TAMS 0x0000000092200000, 0x0000000092200000| Untracked 
| 119|0x0000000092300000, 0x0000000092300000, 0x0000000092400000|  0%| F|  |TAMS 0x0000000092300000, 0x0000000092300000| Untracked 
| 120|0x0000000092400000, 0x0000000092400000, 0x0000000092500000|  0%| F|  |TAMS 0x0000000092400000, 0x0000000092400000| Untracked 
| 121|0x0000000092500000, 0x0000000092500000, 0x0000000092600000|  0%| F|  |TAMS 0x0000000092500000, 0x0000000092500000| Untracked 
| 122|0x0000000092600000, 0x0000000092600000, 0x0000000092700000|  0%| F|  |TAMS 0x0000000092600000, 0x0000000092600000| Untracked 
| 123|0x0000000092700000, 0x0000000092700000, 0x0000000092800000|  0%| F|  |TAMS 0x0000000092700000, 0x0000000092700000| Untracked 
| 124|0x0000000092800000, 0x0000000092800000, 0x0000000092900000|  0%| F|  |TAMS 0x0000000092800000, 0x0000000092800000| Untracked 
| 125|0x0000000092900000, 0x0000000092900000, 0x0000000092a00000|  0%| F|  |TAMS 0x0000000092900000, 0x0000000092900000| Untracked 
| 126|0x0000000092a00000, 0x0000000092a00000, 0x0000000092b00000|  0%| F|  |TAMS 0x0000000092a00000, 0x0000000092a00000| Untracked 
| 127|0x0000000092b00000, 0x0000000092b00000, 0x0000000092c00000|  0%| F|  |TAMS 0x0000000092b00000, 0x0000000092b00000| Untracked 
| 128|0x0000000092c00000, 0x0000000092c00000, 0x0000000092d00000|  0%| F|  |TAMS 0x0000000092c00000, 0x0000000092c00000| Untracked 
| 129|0x0000000092d00000, 0x0000000092d00000, 0x0000000092e00000|  0%| F|  |TAMS 0x0000000092d00000, 0x0000000092d00000| Untracked 
| 130|0x0000000092e00000, 0x0000000092e00000, 0x0000000092f00000|  0%| F|  |TAMS 0x0000000092e00000, 0x0000000092e00000| Untracked 
| 131|0x0000000092f00000, 0x0000000092f00000, 0x0000000093000000|  0%| F|  |TAMS 0x0000000092f00000, 0x0000000092f00000| Untracked 
| 132|0x0000000093000000, 0x0000000093000000, 0x0000000093100000|  0%| F|  |TAMS 0x0000000093000000, 0x0000000093000000| Untracked 
| 133|0x0000000093100000, 0x0000000093100000, 0x0000000093200000|  0%| F|  |TAMS 0x0000000093100000, 0x0000000093100000| Untracked 
| 134|0x0000000093200000, 0x0000000093200000, 0x0000000093300000|  0%| F|  |TAMS 0x0000000093200000, 0x0000000093200000| Untracked 
| 135|0x0000000093300000, 0x0000000093300000, 0x0000000093400000|  0%| F|  |TAMS 0x0000000093300000, 0x0000000093300000| Untracked 
| 136|0x0000000093400000, 0x0000000093400000, 0x0000000093500000|  0%| F|  |TAMS 0x0000000093400000, 0x0000000093400000| Untracked 
| 137|0x0000000093500000, 0x0000000093500000, 0x0000000093600000|  0%| F|  |TAMS 0x0000000093500000, 0x0000000093500000| Untracked 
| 138|0x0000000093600000, 0x0000000093600000, 0x0000000093700000|  0%| F|  |TAMS 0x0000000093600000, 0x0000000093600000| Untracked 
| 139|0x0000000093700000, 0x0000000093700000, 0x0000000093800000|  0%| F|  |TAMS 0x0000000093700000, 0x0000000093700000| Untracked 
| 140|0x0000000093800000, 0x0000000093800000, 0x0000000093900000|  0%| F|  |TAMS 0x0000000093800000, 0x0000000093800000| Untracked 
| 141|0x0000000093900000, 0x0000000093900000, 0x0000000093a00000|  0%| F|  |TAMS 0x0000000093900000, 0x0000000093900000| Untracked 
| 142|0x0000000093a00000, 0x0000000093a00000, 0x0000000093b00000|  0%| F|  |TAMS 0x0000000093a00000, 0x0000000093a00000| Untracked 
| 143|0x0000000093b00000, 0x0000000093b00000, 0x0000000093c00000|  0%| F|  |TAMS 0x0000000093b00000, 0x0000000093b00000| Untracked 
| 144|0x0000000093c00000, 0x0000000093c00000, 0x0000000093d00000|  0%| F|  |TAMS 0x0000000093c00000, 0x0000000093c00000| Untracked 
| 145|0x0000000093d00000, 0x0000000093d00000, 0x0000000093e00000|  0%| F|  |TAMS 0x0000000093d00000, 0x0000000093d00000| Untracked 
| 146|0x0000000093e00000, 0x0000000093e00000, 0x0000000093f00000|  0%| F|  |TAMS 0x0000000093e00000, 0x0000000093e00000| Untracked 
| 147|0x0000000093f00000, 0x0000000093f00000, 0x0000000094000000|  0%| F|  |TAMS 0x0000000093f00000, 0x0000000093f00000| Untracked 
| 148|0x0000000094000000, 0x0000000094000000, 0x0000000094100000|  0%| F|  |TAMS 0x0000000094000000, 0x0000000094000000| Untracked 
| 149|0x0000000094100000, 0x0000000094100000, 0x0000000094200000|  0%| F|  |TAMS 0x0000000094100000, 0x0000000094100000| Untracked 
| 150|0x0000000094200000, 0x0000000094200000, 0x0000000094300000|  0%| F|  |TAMS 0x0000000094200000, 0x0000000094200000| Untracked 
| 151|0x0000000094300000, 0x0000000094300000, 0x0000000094400000|  0%| F|  |TAMS 0x0000000094300000, 0x0000000094300000| Untracked 
| 152|0x0000000094400000, 0x0000000094400000, 0x0000000094500000|  0%| F|  |TAMS 0x0000000094400000, 0x0000000094400000| Untracked 
| 153|0x0000000094500000, 0x0000000094500000, 0x0000000094600000|  0%| F|  |TAMS 0x0000000094500000, 0x0000000094500000| Untracked 
| 154|0x0000000094600000, 0x0000000094600000, 0x0000000094700000|  0%| F|  |TAMS 0x0000000094600000, 0x0000000094600000| Untracked 
| 155|0x0000000094700000, 0x0000000094700000, 0x0000000094800000|  0%| F|  |TAMS 0x0000000094700000, 0x0000000094700000| Untracked 
| 156|0x0000000094800000, 0x0000000094800000, 0x0000000094900000|  0%| F|  |TAMS 0x0000000094800000, 0x0000000094800000| Untracked 
| 157|0x0000000094900000, 0x0000000094900000, 0x0000000094a00000|  0%| F|  |TAMS 0x0000000094900000, 0x0000000094900000| Untracked 
| 158|0x0000000094a00000, 0x0000000094a00000, 0x0000000094b00000|  0%| F|  |TAMS 0x0000000094a00000, 0x0000000094a00000| Untracked 
| 159|0x0000000094b00000, 0x0000000094b00000, 0x0000000094c00000|  0%| F|  |TAMS 0x0000000094b00000, 0x0000000094b00000| Untracked 
| 160|0x0000000094c00000, 0x0000000094c00000, 0x0000000094d00000|  0%| F|  |TAMS 0x0000000094c00000, 0x0000000094c00000| Untracked 
| 161|0x0000000094d00000, 0x0000000094d00000, 0x0000000094e00000|  0%| F|  |TAMS 0x0000000094d00000, 0x0000000094d00000| Untracked 
| 162|0x0000000094e00000, 0x0000000094e00000, 0x0000000094f00000|  0%| F|  |TAMS 0x0000000094e00000, 0x0000000094e00000| Untracked 
| 163|0x0000000094f00000, 0x0000000094f00000, 0x0000000095000000|  0%| F|  |TAMS 0x0000000094f00000, 0x0000000094f00000| Untracked 
| 164|0x0000000095000000, 0x0000000095000000, 0x0000000095100000|  0%| F|  |TAMS 0x0000000095000000, 0x0000000095000000| Untracked 
| 165|0x0000000095100000, 0x0000000095100000, 0x0000000095200000|  0%| F|  |TAMS 0x0000000095100000, 0x0000000095100000| Untracked 
| 166|0x0000000095200000, 0x0000000095200000, 0x0000000095300000|  0%| F|  |TAMS 0x0000000095200000, 0x0000000095200000| Untracked 
| 167|0x0000000095300000, 0x0000000095300000, 0x0000000095400000|  0%| F|  |TAMS 0x0000000095300000, 0x0000000095300000| Untracked 
| 168|0x0000000095400000, 0x0000000095400000, 0x0000000095500000|  0%| F|  |TAMS 0x0000000095400000, 0x0000000095400000| Untracked 
| 169|0x0000000095500000, 0x0000000095500000, 0x0000000095600000|  0%| F|  |TAMS 0x0000000095500000, 0x0000000095500000| Untracked 
| 170|0x0000000095600000, 0x0000000095600000, 0x0000000095700000|  0%| F|  |TAMS 0x0000000095600000, 0x0000000095600000| Untracked 
| 171|0x0000000095700000, 0x0000000095700000, 0x0000000095800000|  0%| F|  |TAMS 0x0000000095700000, 0x0000000095700000| Untracked 
| 172|0x0000000095800000, 0x0000000095800000, 0x0000000095900000|  0%| F|  |TAMS 0x0000000095800000, 0x0000000095800000| Untracked 
| 173|0x0000000095900000, 0x0000000095900000, 0x0000000095a00000|  0%| F|  |TAMS 0x0000000095900000, 0x0000000095900000| Untracked 
| 174|0x0000000095a00000, 0x0000000095a00000, 0x0000000095b00000|  0%| F|  |TAMS 0x0000000095a00000, 0x0000000095a00000| Untracked 
| 175|0x0000000095b00000, 0x0000000095b00000, 0x0000000095c00000|  0%| F|  |TAMS 0x0000000095b00000, 0x0000000095b00000| Untracked 
| 176|0x0000000095c00000, 0x0000000095c00000, 0x0000000095d00000|  0%| F|  |TAMS 0x0000000095c00000, 0x0000000095c00000| Untracked 
| 177|0x0000000095d00000, 0x0000000095d00000, 0x0000000095e00000|  0%| F|  |TAMS 0x0000000095d00000, 0x0000000095d00000| Untracked 
| 178|0x0000000095e00000, 0x0000000095e00000, 0x0000000095f00000|  0%| F|  |TAMS 0x0000000095e00000, 0x0000000095e00000| Untracked 
| 179|0x0000000095f00000, 0x0000000095f00000, 0x0000000096000000|  0%| F|  |TAMS 0x0000000095f00000, 0x0000000095f00000| Untracked 
| 180|0x0000000096000000, 0x0000000096000000, 0x0000000096100000|  0%| F|  |TAMS 0x0000000096000000, 0x0000000096000000| Untracked 
| 181|0x0000000096100000, 0x0000000096100000, 0x0000000096200000|  0%| F|  |TAMS 0x0000000096100000, 0x0000000096100000| Untracked 
| 182|0x0000000096200000, 0x0000000096200000, 0x0000000096300000|  0%| F|  |TAMS 0x0000000096200000, 0x0000000096200000| Untracked 
| 183|0x0000000096300000, 0x0000000096300000, 0x0000000096400000|  0%| F|  |TAMS 0x0000000096300000, 0x0000000096300000| Untracked 
| 184|0x0000000096400000, 0x0000000096400000, 0x0000000096500000|  0%| F|  |TAMS 0x0000000096400000, 0x0000000096400000| Untracked 
| 185|0x0000000096500000, 0x0000000096500000, 0x0000000096600000|  0%| F|  |TAMS 0x0000000096500000, 0x0000000096500000| Untracked 
| 186|0x0000000096600000, 0x0000000096600000, 0x0000000096700000|  0%| F|  |TAMS 0x0000000096600000, 0x0000000096600000| Untracked 
| 187|0x0000000096700000, 0x0000000096700000, 0x0000000096800000|  0%| F|  |TAMS 0x0000000096700000, 0x0000000096700000| Untracked 
| 188|0x0000000096800000, 0x0000000096800000, 0x0000000096900000|  0%| F|  |TAMS 0x0000000096800000, 0x0000000096800000| Untracked 
| 189|0x0000000096900000, 0x0000000096900000, 0x0000000096a00000|  0%| F|  |TAMS 0x0000000096900000, 0x0000000096900000| Untracked 
| 190|0x0000000096a00000, 0x0000000096a00000, 0x0000000096b00000|  0%| F|  |TAMS 0x0000000096a00000, 0x0000000096a00000| Untracked 
| 191|0x0000000096b00000, 0x0000000096b00000, 0x0000000096c00000|  0%| F|  |TAMS 0x0000000096b00000, 0x0000000096b00000| Untracked 
| 192|0x0000000096c00000, 0x0000000096c00000, 0x0000000096d00000|  0%| F|  |TAMS 0x0000000096c00000, 0x0000000096c00000| Untracked 
| 193|0x0000000096d00000, 0x0000000096d00000, 0x0000000096e00000|  0%| F|  |TAMS 0x0000000096d00000, 0x0000000096d00000| Untracked 
| 194|0x0000000096e00000, 0x0000000096e00000, 0x0000000096f00000|  0%| F|  |TAMS 0x0000000096e00000, 0x0000000096e00000| Untracked 
| 195|0x0000000096f00000, 0x0000000096f00000, 0x0000000097000000|  0%| F|  |TAMS 0x0000000096f00000, 0x0000000096f00000| Untracked 
| 196|0x0000000097000000, 0x0000000097000000, 0x0000000097100000|  0%| F|  |TAMS 0x0000000097000000, 0x0000000097000000| Untracked 
| 197|0x0000000097100000, 0x0000000097100000, 0x0000000097200000|  0%| F|  |TAMS 0x0000000097100000, 0x0000000097100000| Untracked 
| 198|0x0000000097200000, 0x0000000097200000, 0x0000000097300000|  0%| F|  |TAMS 0x0000000097200000, 0x0000000097200000| Untracked 
| 199|0x0000000097300000, 0x0000000097300000, 0x0000000097400000|  0%| F|  |TAMS 0x0000000097300000, 0x0000000097300000| Untracked 
| 200|0x0000000097400000, 0x0000000097400000, 0x0000000097500000|  0%| F|  |TAMS 0x0000000097400000, 0x0000000097400000| Untracked 
| 201|0x0000000097500000, 0x0000000097500000, 0x0000000097600000|  0%| F|  |TAMS 0x0000000097500000, 0x0000000097500000| Untracked 
| 202|0x0000000097600000, 0x0000000097600000, 0x0000000097700000|  0%| F|  |TAMS 0x0000000097600000, 0x0000000097600000| Untracked 
| 203|0x0000000097700000, 0x0000000097700000, 0x0000000097800000|  0%| F|  |TAMS 0x0000000097700000, 0x0000000097700000| Untracked 
| 204|0x0000000097800000, 0x0000000097800000, 0x0000000097900000|  0%| F|  |TAMS 0x0000000097800000, 0x0000000097800000| Untracked 
| 205|0x0000000097900000, 0x0000000097900000, 0x0000000097a00000|  0%| F|  |TAMS 0x0000000097900000, 0x0000000097900000| Untracked 
| 206|0x0000000097a00000, 0x0000000097a00000, 0x0000000097b00000|  0%| F|  |TAMS 0x0000000097a00000, 0x0000000097a00000| Untracked 
| 207|0x0000000097b00000, 0x0000000097b00000, 0x0000000097c00000|  0%| F|  |TAMS 0x0000000097b00000, 0x0000000097b00000| Untracked 
| 208|0x0000000097c00000, 0x0000000097c00000, 0x0000000097d00000|  0%| F|  |TAMS 0x0000000097c00000, 0x0000000097c00000| Untracked 
| 209|0x0000000097d00000, 0x0000000097d00000, 0x0000000097e00000|  0%| F|  |TAMS 0x0000000097d00000, 0x0000000097d00000| Untracked 
| 210|0x0000000097e00000, 0x0000000097e00000, 0x0000000097f00000|  0%| F|  |TAMS 0x0000000097e00000, 0x0000000097e00000| Untracked 
| 211|0x0000000097f00000, 0x0000000097f00000, 0x0000000098000000|  0%| F|  |TAMS 0x0000000097f00000, 0x0000000097f00000| Untracked 
| 212|0x0000000098000000, 0x0000000098000000, 0x0000000098100000|  0%| F|  |TAMS 0x0000000098000000, 0x0000000098000000| Untracked 
| 213|0x0000000098100000, 0x0000000098100000, 0x0000000098200000|  0%| F|  |TAMS 0x0000000098100000, 0x0000000098100000| Untracked 
| 214|0x0000000098200000, 0x0000000098200000, 0x0000000098300000|  0%| F|  |TAMS 0x0000000098200000, 0x0000000098200000| Untracked 
| 215|0x0000000098300000, 0x0000000098300000, 0x0000000098400000|  0%| F|  |TAMS 0x0000000098300000, 0x0000000098300000| Untracked 
| 216|0x0000000098400000, 0x0000000098400000, 0x0000000098500000|  0%| F|  |TAMS 0x0000000098400000, 0x0000000098400000| Untracked 
| 217|0x0000000098500000, 0x0000000098500000, 0x0000000098600000|  0%| F|  |TAMS 0x0000000098500000, 0x0000000098500000| Untracked 
| 218|0x0000000098600000, 0x0000000098600000, 0x0000000098700000|  0%| F|  |TAMS 0x0000000098600000, 0x0000000098600000| Untracked 
| 219|0x0000000098700000, 0x0000000098700000, 0x0000000098800000|  0%| F|  |TAMS 0x0000000098700000, 0x0000000098700000| Untracked 
| 220|0x0000000098800000, 0x0000000098800000, 0x0000000098900000|  0%| F|  |TAMS 0x0000000098800000, 0x0000000098800000| Untracked 
| 221|0x0000000098900000, 0x0000000098900000, 0x0000000098a00000|  0%| F|  |TAMS 0x0000000098900000, 0x0000000098900000| Untracked 
| 222|0x0000000098a00000, 0x0000000098a00000, 0x0000000098b00000|  0%| F|  |TAMS 0x0000000098a00000, 0x0000000098a00000| Untracked 
| 223|0x0000000098b00000, 0x0000000098b00000, 0x0000000098c00000|  0%| F|  |TAMS 0x0000000098b00000, 0x0000000098b00000| Untracked 
| 224|0x0000000098c00000, 0x0000000098c00000, 0x0000000098d00000|  0%| F|  |TAMS 0x0000000098c00000, 0x0000000098c00000| Untracked 
| 225|0x0000000098d00000, 0x0000000098d00000, 0x0000000098e00000|  0%| F|  |TAMS 0x0000000098d00000, 0x0000000098d00000| Untracked 
| 226|0x0000000098e00000, 0x0000000098e00000, 0x0000000098f00000|  0%| F|  |TAMS 0x0000000098e00000, 0x0000000098e00000| Untracked 
| 227|0x0000000098f00000, 0x0000000098f00000, 0x0000000099000000|  0%| F|  |TAMS 0x0000000098f00000, 0x0000000098f00000| Untracked 
| 228|0x0000000099000000, 0x0000000099000000, 0x0000000099100000|  0%| F|  |TAMS 0x0000000099000000, 0x0000000099000000| Untracked 
| 229|0x0000000099100000, 0x0000000099100000, 0x0000000099200000|  0%| F|  |TAMS 0x0000000099100000, 0x0000000099100000| Untracked 
| 230|0x0000000099200000, 0x0000000099200000, 0x0000000099300000|  0%| F|  |TAMS 0x0000000099200000, 0x0000000099200000| Untracked 
| 231|0x0000000099300000, 0x0000000099300000, 0x0000000099400000|  0%| F|  |TAMS 0x0000000099300000, 0x0000000099300000| Untracked 
| 232|0x0000000099400000, 0x0000000099400000, 0x0000000099500000|  0%| F|  |TAMS 0x0000000099400000, 0x0000000099400000| Untracked 
| 233|0x0000000099500000, 0x0000000099500000, 0x0000000099600000|  0%| F|  |TAMS 0x0000000099500000, 0x0000000099500000| Untracked 
| 234|0x0000000099600000, 0x0000000099600000, 0x0000000099700000|  0%| F|  |TAMS 0x0000000099600000, 0x0000000099600000| Untracked 
| 235|0x0000000099700000, 0x0000000099700000, 0x0000000099800000|  0%| F|  |TAMS 0x0000000099700000, 0x0000000099700000| Untracked 
| 236|0x0000000099800000, 0x0000000099800000, 0x0000000099900000|  0%| F|  |TAMS 0x0000000099800000, 0x0000000099800000| Untracked 
| 237|0x0000000099900000, 0x0000000099900000, 0x0000000099a00000|  0%| F|  |TAMS 0x0000000099900000, 0x0000000099900000| Untracked 
| 238|0x0000000099a00000, 0x0000000099a00000, 0x0000000099b00000|  0%| F|  |TAMS 0x0000000099a00000, 0x0000000099a00000| Untracked 
| 239|0x0000000099b00000, 0x0000000099b00000, 0x0000000099c00000|  0%| F|  |TAMS 0x0000000099b00000, 0x0000000099b00000| Untracked 
| 240|0x0000000099c00000, 0x0000000099c00000, 0x0000000099d00000|  0%| F|  |TAMS 0x0000000099c00000, 0x0000000099c00000| Untracked 
| 241|0x0000000099d00000, 0x0000000099d00000, 0x0000000099e00000|  0%| F|  |TAMS 0x0000000099d00000, 0x0000000099d00000| Untracked 
| 242|0x0000000099e00000, 0x0000000099e00000, 0x0000000099f00000|  0%| F|  |TAMS 0x0000000099e00000, 0x0000000099e00000| Untracked 
| 243|0x0000000099f00000, 0x0000000099f00000, 0x000000009a000000|  0%| F|  |TAMS 0x0000000099f00000, 0x0000000099f00000| Untracked 
| 244|0x000000009a000000, 0x000000009a000000, 0x000000009a100000|  0%| F|  |TAMS 0x000000009a000000, 0x000000009a000000| Untracked 
| 245|0x000000009a100000, 0x000000009a100000, 0x000000009a200000|  0%| F|  |TAMS 0x000000009a100000, 0x000000009a100000| Untracked 
| 246|0x000000009a200000, 0x000000009a200000, 0x000000009a300000|  0%| F|  |TAMS 0x000000009a200000, 0x000000009a200000| Untracked 
| 247|0x000000009a300000, 0x000000009a300000, 0x000000009a400000|  0%| F|  |TAMS 0x000000009a300000, 0x000000009a300000| Untracked 
| 248|0x000000009a400000, 0x000000009a400000, 0x000000009a500000|  0%| F|  |TAMS 0x000000009a400000, 0x000000009a400000| Untracked 
| 249|0x000000009a500000, 0x000000009a500000, 0x000000009a600000|  0%| F|  |TAMS 0x000000009a500000, 0x000000009a500000| Untracked 
| 250|0x000000009a600000, 0x000000009a600000, 0x000000009a700000|  0%| F|  |TAMS 0x000000009a600000, 0x000000009a600000| Untracked 
| 251|0x000000009a700000, 0x000000009a700000, 0x000000009a800000|  0%| F|  |TAMS 0x000000009a700000, 0x000000009a700000| Untracked 
| 252|0x000000009a800000, 0x000000009a800000, 0x000000009a900000|  0%| F|  |TAMS 0x000000009a800000, 0x000000009a800000| Untracked 
| 253|0x000000009a900000, 0x000000009a900000, 0x000000009aa00000|  0%| F|  |TAMS 0x000000009a900000, 0x000000009a900000| Untracked 
| 254|0x000000009aa00000, 0x000000009aa00000, 0x000000009ab00000|  0%| F|  |TAMS 0x000000009aa00000, 0x000000009aa00000| Untracked 
| 255|0x000000009ab00000, 0x000000009ab00000, 0x000000009ac00000|  0%| F|  |TAMS 0x000000009ab00000, 0x000000009ab00000| Untracked 
| 256|0x000000009ac00000, 0x000000009ac00000, 0x000000009ad00000|  0%| F|  |TAMS 0x000000009ac00000, 0x000000009ac00000| Untracked 
| 257|0x000000009ad00000, 0x000000009ad00000, 0x000000009ae00000|  0%| F|  |TAMS 0x000000009ad00000, 0x000000009ad00000| Untracked 
| 258|0x000000009ae00000, 0x000000009ae00000, 0x000000009af00000|  0%| F|  |TAMS 0x000000009ae00000, 0x000000009ae00000| Untracked 
| 259|0x000000009af00000, 0x000000009af00000, 0x000000009b000000|  0%| F|  |TAMS 0x000000009af00000, 0x000000009af00000| Untracked 
| 260|0x000000009b000000, 0x000000009b000000, 0x000000009b100000|  0%| F|  |TAMS 0x000000009b000000, 0x000000009b000000| Untracked 
| 261|0x000000009b100000, 0x000000009b100000, 0x000000009b200000|  0%| F|  |TAMS 0x000000009b100000, 0x000000009b100000| Untracked 
| 262|0x000000009b200000, 0x000000009b200000, 0x000000009b300000|  0%| F|  |TAMS 0x000000009b200000, 0x000000009b200000| Untracked 
| 263|0x000000009b300000, 0x000000009b300000, 0x000000009b400000|  0%| F|  |TAMS 0x000000009b300000, 0x000000009b300000| Untracked 
| 264|0x000000009b400000, 0x000000009b400000, 0x000000009b500000|  0%| F|  |TAMS 0x000000009b400000, 0x000000009b400000| Untracked 
| 265|0x000000009b500000, 0x000000009b500000, 0x000000009b600000|  0%| F|  |TAMS 0x000000009b500000, 0x000000009b500000| Untracked 
| 266|0x000000009b600000, 0x000000009b600000, 0x000000009b700000|  0%| F|  |TAMS 0x000000009b600000, 0x000000009b600000| Untracked 
| 267|0x000000009b700000, 0x000000009b700000, 0x000000009b800000|  0%| F|  |TAMS 0x000000009b700000, 0x000000009b700000| Untracked 
| 268|0x000000009b800000, 0x000000009b800000, 0x000000009b900000|  0%| F|  |TAMS 0x000000009b800000, 0x000000009b800000| Untracked 
| 269|0x000000009b900000, 0x000000009b900000, 0x000000009ba00000|  0%| F|  |TAMS 0x000000009b900000, 0x000000009b900000| Untracked 
| 270|0x000000009ba00000, 0x000000009ba00000, 0x000000009bb00000|  0%| F|  |TAMS 0x000000009ba00000, 0x000000009ba00000| Untracked 
| 271|0x000000009bb00000, 0x000000009bb00000, 0x000000009bc00000|  0%| F|  |TAMS 0x000000009bb00000, 0x000000009bb00000| Untracked 
| 272|0x000000009bc00000, 0x000000009bc00000, 0x000000009bd00000|  0%| F|  |TAMS 0x000000009bc00000, 0x000000009bc00000| Untracked 
| 273|0x000000009bd00000, 0x000000009bd00000, 0x000000009be00000|  0%| F|  |TAMS 0x000000009bd00000, 0x000000009bd00000| Untracked 
| 274|0x000000009be00000, 0x000000009be00000, 0x000000009bf00000|  0%| F|  |TAMS 0x000000009be00000, 0x000000009be00000| Untracked 
| 275|0x000000009bf00000, 0x000000009bf00000, 0x000000009c000000|  0%| F|  |TAMS 0x000000009bf00000, 0x000000009bf00000| Untracked 
| 276|0x000000009c000000, 0x000000009c000000, 0x000000009c100000|  0%| F|  |TAMS 0x000000009c000000, 0x000000009c000000| Untracked 
| 277|0x000000009c100000, 0x000000009c100000, 0x000000009c200000|  0%| F|  |TAMS 0x000000009c100000, 0x000000009c100000| Untracked 
| 278|0x000000009c200000, 0x000000009c200000, 0x000000009c300000|  0%| F|  |TAMS 0x000000009c200000, 0x000000009c200000| Untracked 
| 279|0x000000009c300000, 0x000000009c300000, 0x000000009c400000|  0%| F|  |TAMS 0x000000009c300000, 0x000000009c300000| Untracked 
| 280|0x000000009c400000, 0x000000009c400000, 0x000000009c500000|  0%| F|  |TAMS 0x000000009c400000, 0x000000009c400000| Untracked 
| 281|0x000000009c500000, 0x000000009c500000, 0x000000009c600000|  0%| F|  |TAMS 0x000000009c500000, 0x000000009c500000| Untracked 
| 282|0x000000009c600000, 0x000000009c600000, 0x000000009c700000|  0%| F|  |TAMS 0x000000009c600000, 0x000000009c600000| Untracked 
| 283|0x000000009c700000, 0x000000009c700000, 0x000000009c800000|  0%| F|  |TAMS 0x000000009c700000, 0x000000009c700000| Untracked 
| 284|0x000000009c800000, 0x000000009c800000, 0x000000009c900000|  0%| F|  |TAMS 0x000000009c800000, 0x000000009c800000| Untracked 
| 285|0x000000009c900000, 0x000000009c900000, 0x000000009ca00000|  0%| F|  |TAMS 0x000000009c900000, 0x000000009c900000| Untracked 
| 286|0x000000009ca00000, 0x000000009ca00000, 0x000000009cb00000|  0%| F|  |TAMS 0x000000009ca00000, 0x000000009ca00000| Untracked 
| 287|0x000000009cb00000, 0x000000009cb00000, 0x000000009cc00000|  0%| F|  |TAMS 0x000000009cb00000, 0x000000009cb00000| Untracked 
| 288|0x000000009cc00000, 0x000000009cc00000, 0x000000009cd00000|  0%| F|  |TAMS 0x000000009cc00000, 0x000000009cc00000| Untracked 
| 289|0x000000009cd00000, 0x000000009cd00000, 0x000000009ce00000|  0%| F|  |TAMS 0x000000009cd00000, 0x000000009cd00000| Untracked 
| 290|0x000000009ce00000, 0x000000009ce00000, 0x000000009cf00000|  0%| F|  |TAMS 0x000000009ce00000, 0x000000009ce00000| Untracked 
| 291|0x000000009cf00000, 0x000000009cf00000, 0x000000009d000000|  0%| F|  |TAMS 0x000000009cf00000, 0x000000009cf00000| Untracked 
| 292|0x000000009d000000, 0x000000009d000000, 0x000000009d100000|  0%| F|  |TAMS 0x000000009d000000, 0x000000009d000000| Untracked 
| 293|0x000000009d100000, 0x000000009d100000, 0x000000009d200000|  0%| F|  |TAMS 0x000000009d100000, 0x000000009d100000| Untracked 
| 294|0x000000009d200000, 0x000000009d200000, 0x000000009d300000|  0%| F|  |TAMS 0x000000009d200000, 0x000000009d200000| Untracked 
| 295|0x000000009d300000, 0x000000009d300000, 0x000000009d400000|  0%| F|  |TAMS 0x000000009d300000, 0x000000009d300000| Untracked 
| 296|0x000000009d400000, 0x000000009d400000, 0x000000009d500000|  0%| F|  |TAMS 0x000000009d400000, 0x000000009d400000| Untracked 
| 297|0x000000009d500000, 0x000000009d500000, 0x000000009d600000|  0%| F|  |TAMS 0x000000009d500000, 0x000000009d500000| Untracked 
| 298|0x000000009d600000, 0x000000009d600000, 0x000000009d700000|  0%| F|  |TAMS 0x000000009d600000, 0x000000009d600000| Untracked 
| 299|0x000000009d700000, 0x000000009d700000, 0x000000009d800000|  0%| F|  |TAMS 0x000000009d700000, 0x000000009d700000| Untracked 
| 300|0x000000009d800000, 0x000000009d800000, 0x000000009d900000|  0%| F|  |TAMS 0x000000009d800000, 0x000000009d800000| Untracked 
| 301|0x000000009d900000, 0x000000009d900000, 0x000000009da00000|  0%| F|  |TAMS 0x000000009d900000, 0x000000009d900000| Untracked 
| 302|0x000000009da00000, 0x000000009da00000, 0x000000009db00000|  0%| F|  |TAMS 0x000000009da00000, 0x000000009da00000| Untracked 
| 303|0x000000009db00000, 0x000000009db00000, 0x000000009dc00000|  0%| F|  |TAMS 0x000000009db00000, 0x000000009db00000| Untracked 
| 304|0x000000009dc00000, 0x000000009dc00000, 0x000000009dd00000|  0%| F|  |TAMS 0x000000009dc00000, 0x000000009dc00000| Untracked 
| 305|0x000000009dd00000, 0x000000009dd00000, 0x000000009de00000|  0%| F|  |TAMS 0x000000009dd00000, 0x000000009dd00000| Untracked 
| 306|0x000000009de00000, 0x000000009de00000, 0x000000009df00000|  0%| F|  |TAMS 0x000000009de00000, 0x000000009de00000| Untracked 
| 307|0x000000009df00000, 0x000000009df00000, 0x000000009e000000|  0%| F|  |TAMS 0x000000009df00000, 0x000000009df00000| Untracked 
| 308|0x000000009e000000, 0x000000009e000000, 0x000000009e100000|  0%| F|  |TAMS 0x000000009e000000, 0x000000009e000000| Untracked 
| 309|0x000000009e100000, 0x000000009e100000, 0x000000009e200000|  0%| F|  |TAMS 0x000000009e100000, 0x000000009e100000| Untracked 
| 310|0x000000009e200000, 0x000000009e200000, 0x000000009e300000|  0%| F|  |TAMS 0x000000009e200000, 0x000000009e200000| Untracked 
| 311|0x000000009e300000, 0x000000009e300000, 0x000000009e400000|  0%| F|  |TAMS 0x000000009e300000, 0x000000009e300000| Untracked 
| 312|0x000000009e400000, 0x000000009e400000, 0x000000009e500000|  0%| F|  |TAMS 0x000000009e400000, 0x000000009e400000| Untracked 
| 313|0x000000009e500000, 0x000000009e500000, 0x000000009e600000|  0%| F|  |TAMS 0x000000009e500000, 0x000000009e500000| Untracked 
| 314|0x000000009e600000, 0x000000009e680000, 0x000000009e700000| 50%| E|  |TAMS 0x000000009e600000, 0x000000009e600000| Complete 
|1870|0x00000000ffa00000, 0x00000000ffb00000, 0x00000000ffb00000|100%| O|  |TAMS 0x00000000ffb00000, 0x00000000ffb00000| Untracked 

Card table byte_map: [0x000001caf4360000,0x000001caf4710000] _byte_map_base: 0x000001caf3f0a000

Marking Bits (Prev, Next): (CMBitMap*) 0x000001cadd213500, (CMBitMap*) 0x000001cadd213540
 Prev Bits: [0x000001caf4ac0000, 0x000001caf6810000)
 Next Bits: [0x000001caf6810000, 0x000001caf8560000)

Polling page: 0x000001cadafb0000

Metaspace:

Usage:
  Non-class:     23.78 MB used.
      Class:      3.31 MB used.
       Both:     27.09 MB used.

Virtual space:
  Non-class space:       64.00 MB reserved,      24.00 MB ( 38%) committed,  1 nodes.
      Class space:        1.00 GB reserved,       3.56 MB ( <1%) committed,  1 nodes.
             Both:        1.06 GB reserved,      27.56 MB (  3%) committed. 

Chunk freelists:
   Non-Class:  7.97 MB
       Class:  12.37 MB
        Both:  20.34 MB

MaxMetaspaceSize: unlimited
CompressedClassSpaceSize: 1.00 GB
Initial GC threshold: 21.00 MB
Current GC threshold: 45.12 MB
CDS: on
MetaspaceReclaimPolicy: balanced
 - commit_granule_bytes: 65536.
 - commit_granule_words: 8192.
 - virtual_space_node_default_size: 8388608.
 - enlarge_chunks_in_place: 1.
 - new_chunks_are_fully_committed: 0.
 - uncommit_free_chunks: 1.
 - use_allocation_guard: 0.
 - handle_deallocations: 1.


Internal statistics:

num_allocs_failed_limit: 3.
num_arena_births: 524.
num_arena_deaths: 2.
num_vsnodes_births: 2.
num_vsnodes_deaths: 0.
num_space_committed: 441.
num_space_uncommitted: 0.
num_chunks_returned_to_freelist: 7.
num_chunks_taken_from_freelist: 1623.
num_chunk_merges: 3.
num_chunk_splits: 1076.
num_chunks_enlarged: 745.
num_inconsistent_stats: 0.

CodeHeap 'non-profiled nmethods': size=120000Kb used=2493Kb max_used=2771Kb free=117506Kb
 bounds [0x000001caec520000, 0x000001caec7f0000, 0x000001caf3a50000]
CodeHeap 'profiled nmethods': size=120000Kb used=8892Kb max_used=8892Kb free=111107Kb
 bounds [0x000001cae4a50000, 0x000001cae5310000, 0x000001caebf80000]
CodeHeap 'non-nmethods': size=5760Kb used=1248Kb max_used=1314Kb free=4511Kb
 bounds [0x000001caebf80000, 0x000001caec1f0000, 0x000001caec520000]
 total_blobs=5186 nmethods=4625 adapters=473
 compilation: enabled
              stopped_count=0, restarted_count=0
 full_count=0

Compilation events (20 events):
Event: 818.229 Thread 0x000001cafb1cbd90 5412       2       java.util.concurrent.ThreadLocalRandom::getProbe (13 bytes)
Event: 818.230 Thread 0x000001cafb1cbd90 nmethod 5412 0x000001cae4b2ca10 code [0x000001cae4b2cba0, 0x000001cae4b2cc98]
Event: 818.230 Thread 0x000001cafb1cbd90 5416       2       com.salesforce.slds.validation.runners.ValidateRunner::lambda$run$4 (16 bytes)
Event: 818.230 Thread 0x000001cafb1cbd90 nmethod 5416 0x000001cae52ff510 code [0x000001cae52ff6a0, 0x000001cae52ff7c8]
Event: 818.232 Thread 0x000001cafb1cbd90 5417       2       com.salesforce.slds.validation.runners.ValidateRunner::lambda$run$5 (5 bytes)
Event: 818.233 Thread 0x000001cafb1cbd90 nmethod 5417 0x000001cae52ff890 code [0x000001cae52ffa20, 0x000001cae52ffb78]
Event: 818.234 Thread 0x000001cafb1cbd90 5418       2       com.salesforce.slds.validation.runners.ValidateRunner$$Lambda$670/0x000001ca8139af98::test (8 bytes)
Event: 818.234 Thread 0x000001cafb1cbd90 nmethod 5418 0x000001cae52ffc10 code [0x000001cae52ffda0, 0x000001cae52fff58]
Event: 818.234 Thread 0x000001cafb1cbd90 5419       2       java.util.concurrent.ForkJoinPool$WorkQueue::setSlotVolatile (10 bytes)
Event: 818.237 Thread 0x000001cafb1cbd90 nmethod 5419 0x000001cae5300010 code [0x000001cae5300240, 0x000001cae5300928]
Event: 818.237 Thread 0x000001cafb1cbd90 5422       1       com.salesforce.slds.shared.models.core.Entry::getPath (5 bytes)
Event: 818.237 Thread 0x000001cafb1cbd90 nmethod 5422 0x000001caec5a7a10 code [0x000001caec5a7ba0, 0x000001caec5a7c78]
Event: 818.237 Thread 0x000001cafb1cbd90 5420       2       java.util.stream.Collectors$$Lambda$437/0x000001ca812c51a0::apply (12 bytes)
Event: 818.238 Thread 0x000001cafb1cbd90 nmethod 5420 0x000001cae5300d90 code [0x000001cae5300f40, 0x000001cae53010e8]
Event: 818.238 Thread 0x000001cafb1cbd90 5421       2       java.util.stream.Collectors::lambda$toList$4 (8 bytes)
Event: 818.238 Thread 0x000001cafb1cbd90 nmethod 5421 0x000001cae5301210 code [0x000001cae53013a0, 0x000001cae53014a8]
Event: 818.429 Thread 0x000001cafb1c7f50 nmethod 5271 0x000001caec653e90 code [0x000001caec6544e0, 0x000001caec65bbc0]
Event: 818.430 Thread 0x000001cafb1c7f50 5383 %     4       com.salesforce.slds.shared.models.core.Entry::getRecommendationSuppressionRanges @ 22 (398 bytes)
Event: 818.451 Thread 0x000001cafb1c7f50 nmethod 5383% 0x000001caec74db10 code [0x000001caec74dce0, 0x000001caec74e818]
Event: 818.451 Thread 0x000001cafb1c7f50 5358       4       com.google.gson.stream.JsonReader::nextQuotedValue (294 bytes)

GC Heap History (20 events):
Event: 814.283 GC heap before
{Heap before GC invocations=15 (full 0):
 garbage-first heap   total 37888K, used 18724K [0x000000008ac00000, 0x0000000100000000)
  region size 1024K, 3 young (3072K), 2 survivors (2048K)
 Metaspace       used 27262K, committed 27712K, reserved 1114112K
  class space    used 3318K, committed 3520K, reserved 1048576K
}
Event: 814.298 GC heap after
{Heap after GC invocations=16 (full 0):
 garbage-first heap   total 37888K, used 17653K [0x000000008ac00000, 0x0000000100000000)
  region size 1024K, 1 young (1024K), 1 survivors (1024K)
 Metaspace       used 27262K, committed 27712K, reserved 1114112K
  class space    used 3318K, committed 3520K, reserved 1048576K
}
Event: 815.545 GC heap before
{Heap before GC invocations=17 (full 0):
 garbage-first heap   total 40960K, used 35061K [0x000000008ac00000, 0x0000000100000000)
  region size 1024K, 13 young (13312K), 1 survivors (1024K)
 Metaspace       used 27294K, committed 27712K, reserved 1114112K
  class space    used 3320K, committed 3520K, reserved 1048576K
}
Event: 815.629 GC heap after
{Heap after GC invocations=18 (full 0):
 garbage-first heap   total 57344K, used 28140K [0x000000008ac00000, 0x0000000100000000)
  region size 1024K, 2 young (2048K), 2 survivors (2048K)
 Metaspace       used 27294K, committed 27712K, reserved 1114112K
  class space    used 3320K, committed 3520K, reserved 1048576K
}
Event: 815.708 GC heap before
{Heap before GC invocations=18 (full 0):
 garbage-first heap   total 57344K, used 37356K [0x000000008ac00000, 0x0000000100000000)
  region size 1024K, 12 young (12288K), 2 survivors (2048K)
 Metaspace       used 27294K, committed 27712K, reserved 1114112K
  class space    used 3320K, committed 3520K, reserved 1048576K
}
Event: 815.731 GC heap after
{Heap after GC invocations=19 (full 0):
 garbage-first heap   total 57344K, used 36513K [0x000000008ac00000, 0x0000000100000000)
  region size 1024K, 2 young (2048K), 2 survivors (2048K)
 Metaspace       used 27294K, committed 27712K, reserved 1114112K
  class space    used 3320K, committed 3520K, reserved 1048576K
}
Event: 815.809 GC heap before
{Heap before GC invocations=20 (full 0):
 garbage-first heap   total 63488K, used 41633K [0x000000008ac00000, 0x0000000100000000)
  region size 1024K, 7 young (7168K), 2 survivors (2048K)
 Metaspace       used 27294K, committed 27712K, reserved 1114112K
  class space    used 3320K, committed 3520K, reserved 1048576K
}
Event: 815.819 GC heap after
{Heap after GC invocations=21 (full 0):
 garbage-first heap   total 63488K, used 40960K [0x000000008ac00000, 0x0000000100000000)
  region size 1024K, 1 young (1024K), 1 survivors (1024K)
 Metaspace       used 27294K, committed 27712K, reserved 1114112K
  class space    used 3320K, committed 3520K, reserved 1048576K
}
Event: 815.839 GC heap before
{Heap before GC invocations=21 (full 0):
 garbage-first heap   total 63488K, used 46080K [0x000000008ac00000, 0x0000000100000000)
  region size 1024K, 6 young (6144K), 1 survivors (1024K)
 Metaspace       used 27294K, committed 27712K, reserved 1114112K
  class space    used 3320K, committed 3520K, reserved 1048576K
}
Event: 815.849 GC heap after
{Heap after GC invocations=22 (full 0):
 garbage-first heap   total 63488K, used 46080K [0x000000008ac00000, 0x0000000100000000)
  region size 1024K, 1 young (1024K), 1 survivors (1024K)
 Metaspace       used 27294K, committed 27712K, reserved 1114112K
  class space    used 3320K, committed 3520K, reserved 1048576K
}
Event: 815.859 GC heap before
{Heap before GC invocations=22 (full 0):
 garbage-first heap   total 63488K, used 47104K [0x000000008ac00000, 0x0000000100000000)
  region size 1024K, 3 young (3072K), 1 survivors (1024K)
 Metaspace       used 27294K, committed 27712K, reserved 1114112K
  class space    used 3320K, committed 3520K, reserved 1048576K
}
Event: 815.867 GC heap after
{Heap after GC invocations=23 (full 0):
 garbage-first heap   total 148480K, used 48128K [0x000000008ac00000, 0x0000000100000000)
  region size 1024K, 1 young (1024K), 1 survivors (1024K)
 Metaspace       used 27294K, committed 27712K, reserved 1114112K
  class space    used 3320K, committed 3520K, reserved 1048576K
}
Event: 817.895 GC heap before
{Heap before GC invocations=24 (full 0):
 garbage-first heap   total 133120K, used 95232K [0x000000008ac00000, 0x0000000100000000)
  region size 1024K, 31 young (31744K), 1 survivors (1024K)
 Metaspace       used 27685K, committed 28096K, reserved 1114112K
  class space    used 3388K, committed 3584K, reserved 1048576K
}
Event: 817.918 GC heap after
{Heap after GC invocations=25 (full 0):
 garbage-first heap   total 133120K, used 55128K [0x000000008ac00000, 0x0000000100000000)
  region size 1024K, 4 young (4096K), 4 survivors (4096K)
 Metaspace       used 27685K, committed 28096K, reserved 1114112K
  class space    used 3388K, committed 3584K, reserved 1048576K
}
Event: 817.925 GC heap before
{Heap before GC invocations=25 (full 0):
 garbage-first heap   total 133120K, used 57176K [0x000000008ac00000, 0x0000000100000000)
  region size 1024K, 6 young (6144K), 4 survivors (4096K)
 Metaspace       used 27685K, committed 28096K, reserved 1114112K
  class space    used 3388K, committed 3584K, reserved 1048576K
}
Event: 817.935 GC heap after
{Heap after GC invocations=26 (full 0):
 garbage-first heap   total 133120K, used 56832K [0x000000008ac00000, 0x0000000100000000)
  region size 1024K, 1 young (1024K), 1 survivors (1024K)
 Metaspace       used 27685K, committed 28096K, reserved 1114112K
  class space    used 3388K, committed 3584K, reserved 1048576K
}
Event: 818.093 GC heap before
{Heap before GC invocations=26 (full 0):
 garbage-first heap   total 133120K, used 78336K [0x000000008ac00000, 0x0000000100000000)
  region size 1024K, 23 young (23552K), 1 survivors (1024K)
 Metaspace       used 27690K, committed 28096K, reserved 1114112K
  class space    used 3388K, committed 3584K, reserved 1048576K
}
Event: 818.114 GC heap after
{Heap after GC invocations=27 (full 0):
 garbage-first heap   total 133120K, used 75776K [0x000000008ac00000, 0x0000000100000000)
  region size 1024K, 3 young (3072K), 3 survivors (3072K)
 Metaspace       used 27690K, committed 28096K, reserved 1114112K
  class space    used 3388K, committed 3584K, reserved 1048576K
}
Event: 818.239 GC heap before
{Heap before GC invocations=27 (full 0):
 garbage-first heap   total 133120K, used 88064K [0x000000008ac00000, 0x0000000100000000)
  region size 1024K, 17 young (17408K), 3 survivors (3072K)
 Metaspace       used 27742K, committed 28224K, reserved 1114112K
  class space    used 3389K, committed 3648K, reserved 1048576K
}
Event: 818.248 GC heap after
{Heap after GC invocations=28 (full 0):
 garbage-first heap   total 323584K, used 75490K [0x000000008ac00000, 0x0000000100000000)
  region size 1024K, 1 young (1024K), 1 survivors (1024K)
 Metaspace       used 27742K, committed 28224K, reserved 1114112K
  class space    used 3389K, committed 3648K, reserved 1048576K
}

Deoptimization events (20 events):
Event: 816.844 Thread 0x000001cac6effe80 DEOPT PACKING pc=0x000001caec6c5638 sp=0x00000093bb3fe380
Event: 816.844 Thread 0x000001cac6effe80 DEOPT UNPACKING pc=0x000001caebfd23a3 sp=0x00000093bb3fe310 mode 2
Event: 816.900 Thread 0x000001cac6effe80 Uncommon trap: trap_request=0xffffff45 fr.pc=0x000001caec581fd8 relative=0x00000000000000b8
Event: 816.900 Thread 0x000001cac6effe80 Uncommon trap: reason=unstable_if action=reinterpret pc=0x000001caec581fd8 method=java.lang.ThreadLocal$ThreadLocalMap.getEntry(Ljava/lang/ThreadLocal;)Ljava/lang/ThreadLocal$ThreadLocalMap$Entry; @ 29 c2
Event: 816.900 Thread 0x000001cac6effe80 DEOPT PACKING pc=0x000001caec581fd8 sp=0x00000093bb3fdab0
Event: 816.900 Thread 0x000001cac6effe80 DEOPT UNPACKING pc=0x000001caebfd23a3 sp=0x00000093bb3fda50 mode 2
Event: 817.703 Thread 0x000001cac6effe80 Uncommon trap: trap_request=0xffffffc6 fr.pc=0x000001caec678c10 relative=0x0000000000000070
Event: 817.704 Thread 0x000001cac6effe80 Uncommon trap: reason=bimorphic_or_optimized_type_check action=maybe_recompile pc=0x000001caec678c10 method=java.util.LinkedHashMap.afterNodeInsertion(Z)V @ 15 c2
Event: 817.704 Thread 0x000001cac6effe80 DEOPT PACKING pc=0x000001caec678c10 sp=0x00000093bb3fe440
Event: 817.704 Thread 0x000001cac6effe80 DEOPT UNPACKING pc=0x000001caebfd23a3 sp=0x00000093bb3fe3b8 mode 2
Event: 817.801 Thread 0x000001cac6effe80 DEOPT PACKING pc=0x000001cae51fda1f sp=0x00000093bb3fe880
Event: 817.801 Thread 0x000001cac6effe80 DEOPT UNPACKING pc=0x000001caebfd2b43 sp=0x00000093bb3fdd78 mode 0
Event: 817.819 Thread 0x000001cac6effe80 Uncommon trap: trap_request=0xffffff45 fr.pc=0x000001caec5fed10 relative=0x0000000000002030
Event: 817.819 Thread 0x000001cac6effe80 Uncommon trap: reason=unstable_if action=reinterpret pc=0x000001caec5fed10 method=com.google.gson.stream.JsonReader.nextQuotedValue(C)Ljava/lang/String; @ 85 c2
Event: 817.819 Thread 0x000001cac6effe80 DEOPT PACKING pc=0x000001caec5fed10 sp=0x00000093bb3fe860
Event: 817.819 Thread 0x000001cac6effe80 DEOPT UNPACKING pc=0x000001caebfd23a3 sp=0x00000093bb3fe880 mode 2
Event: 817.821 Thread 0x000001cac6effe80 Uncommon trap: trap_request=0xffffffcc fr.pc=0x000001caec5aa078 relative=0x0000000000000258
Event: 817.821 Thread 0x000001cac6effe80 Uncommon trap: reason=intrinsic_or_type_checked_inlining action=make_not_entrant pc=0x000001caec5aa078 method=java.util.ArrayList.toArray([Ljava/lang/Object;)[Ljava/lang/Object; @ 36 c2
Event: 817.821 Thread 0x000001cac6effe80 DEOPT PACKING pc=0x000001caec5aa078 sp=0x00000093bb3fe350
Event: 817.821 Thread 0x000001cac6effe80 DEOPT UNPACKING pc=0x000001caebfd23a3 sp=0x00000093bb3fe330 mode 2

Classes unloaded (1 events):
Event: 815.888 Thread 0x000001cafb19b0d0 Unloading class 0x000001ca8136c800 'jdk/internal/reflect/GeneratedMethodAccessor28'

Classes redefined (0 events):
No events

Internal exceptions (20 events):
Event: 18.817 Thread 0x000001cadd1bb1b0 Exception <a 'java/lang/ClassNotFoundException'{0x00000000921dfe28}: com/salesforce/slds/validation/validators/models/PropertiesCustomizer> (0x00000000921dfe28) 
thrown [s\open\src\hotspot\share\classfile\systemDictionary.cpp, line 256]
Event: 18.824 Thread 0x000001cadd1bb1b0 Exception <a 'java/lang/ClassNotFoundException'{0x00000000921ff9f8}: com/salesforce/slds/validation/validators/models/Properties$ItemBeanInfo> (0x00000000921ff9f8) 
thrown [s\open\src\hotspot\share\classfile\systemDictionary.cpp, line 256]
Event: 18.825 Thread 0x000001cadd1bb1b0 Exception <a 'java/lang/ClassNotFoundException'{0x000000008e617190}: com/salesforce/slds/validation/validators/models/Properties$ItemCustomizer> (0x000000008e617190) 
thrown [s\open\src\hotspot\share\classfile\systemDictionary.cpp, line 256]
Event: 19.365 Thread 0x000001cadd1bb1b0 Exception <a 'java/lang/NoSuchMethodError'{0x000000008c3f2698}: 'void java.lang.invoke.DirectMethodHandle$Holder.invokeStatic(java.lang.Object, int, java.lang.Object)'> (0x000000008c3f2698) 
thrown [s\open\src\hotspot\share\interpreter\linkResolver.cpp, line 759]
Event: 19.380 Thread 0x000001cac61913c0 Implicit null exception at 0x000001caec7cbdd0 to 0x000001caec7cbeb0
Event: 19.592 Thread 0x000001cadd1bb1b0 Exception <a 'java/lang/NoSuchMethodError'{0x000000008e10feb0}: 'java.lang.Object java.lang.invoke.DirectMethodHandle$Holder.invokeVirtual(java.lang.Object, java.lang.Object, java.lang.Object, java.lang.Object)'> (0x000000008e10feb0) 
thrown [s\open\src\hotspot\share\interpreter\linkResolver.cpp, line 759]
Event: 19.822 Thread 0x000001cadd1bb1b0 Implicit null exception at 0x000001caec733efe to 0x000001caec734604
Event: 19.910 Thread 0x000001cadd1bb1b0 Exception <a 'java/lang/NoSuchMethodError'{0x000000008c7b0c60}: 'int java.lang.invoke.DirectMethodHandle$Holder.invokeSpecial(java.lang.Object, java.lang.Object, java.lang.Object, java.lang.Object, java.lang.Object)'> (0x000000008c7b0c60) 
thrown [s\open\src\hotspot\share\interpreter\linkResolver.cpp, line 759]
Event: 20.138 Thread 0x000001cadd1bb1b0 Exception <a 'java/lang/NoSuchMethodError'{0x000000008c411be0}: 'void java.lang.invoke.DirectMethodHandle$Holder.invokeVirtual(java.lang.Object, java.lang.Object, int)'> (0x000000008c411be0) 
thrown [s\open\src\hotspot\share\interpreter\linkResolver.cpp, line 759]
Event: 20.142 Thread 0x000001cadd1bb1b0 Exception <a 'java/lang/NoSuchMethodError'{0x000000008c41e330}: 'long java.lang.invoke.DirectMethodHandle$Holder.invokeSpecial(java.lang.Object, java.lang.Object)'> (0x000000008c41e330) 
thrown [s\open\src\hotspot\share\interpreter\linkResolver.cpp, line 759]
Event: 20.153 Thread 0x000001cadd1bb1b0 Exception <a 'java/lang/NoSuchMethodError'{0x000000008c440560}: 'void java.lang.invoke.DirectMethodHandle$Holder.invokeVirtual(java.lang.Object, java.lang.Object, long)'> (0x000000008c440560) 
thrown [s\open\src\hotspot\share\interpreter\linkResolver.cpp, line 759]
Event: 20.168 Thread 0x000001cadd1bb1b0 Exception <a 'java/lang/NoSuchMethodError'{0x000000008c474090}: 'java.lang.Object java.lang.invoke.DirectMethodHandle$Holder.newInvokeSpecial(java.lang.Object, java.lang.Object, int, java.lang.Object, java.lang.Object)'> (0x000000008c474090) 
thrown [s\open\src\hotspot\share\interpreter\linkResolver.cpp, line 759]
Event: 20.173 Thread 0x000001cadd1bb1b0 Exception <a 'java/lang/NoSuchMethodError'{0x000000008c483170}: 'java.lang.Object java.lang.invoke.DirectMethodHandle$Holder.newInvokeSpecial(java.lang.Object, java.lang.Object, java.lang.Object, int)'> (0x000000008c483170) 
thrown [s\open\src\hotspot\share\interpreter\linkResolver.cpp, line 759]
Event: 20.174 Thread 0x000001cadd1bb1b0 Exception <a 'java/lang/NoSuchMethodError'{0x000000008c487458}: 'java.lang.Object java.lang.invoke.DirectMethodHandle$Holder.invokeSpecial(java.lang.Object, java.lang.Object, java.lang.Object, java.lang.Object, int)'> (0x000000008c487458) 
thrown [s\open\src\hotspot\share\interpreter\linkResolver.cpp, line 759]
Event: 20.175 Thread 0x000001cadd1bb1b0 Exception <a 'java/lang/NoSuchMethodError'{0x000000008c48b020}: 'java.lang.Object java.lang.invoke.Invokers$Holder.linkToTargetMethod(java.lang.Object, java.lang.Object, int, java.lang.Object)'> (0x000000008c48b020) 
thrown [s\open\src\hotspot\share\interpreter\linkResolver.cpp, line 759]
Event: 26.089 Thread 0x000001cac6effe80 Exception <a 'java/lang/NoSuchMethodError'{0x00000000921491c8}: 'void java.lang.invoke.DirectMethodHandle$Holder.invokeSpecial(java.lang.Object, java.lang.Object, int, java.lang.Object)'> (0x00000000921491c8) 
thrown [s\open\src\hotspot\share\interpreter\linkResolver.cpp, line 759]
Event: 26.090 Thread 0x000001cac6effe80 Exception <a 'java/lang/NoSuchMethodError'{0x000000009214ff10}: 'java.lang.Object java.lang.invoke.DirectMethodHandle$Holder.newInvokeSpecial(java.lang.Object, java.lang.Object, int)'> (0x000000009214ff10) 
thrown [s\open\src\hotspot\share\interpreter\linkResolver.cpp, line 759]
Event: 816.839 Thread 0x000001cac6effe80 Implicit null exception at 0x000001caec6c556e to 0x000001caec6c5624
Event: 817.562 Thread 0x000001cac6effe80 Exception <a 'java/lang/reflect/InvocationTargetException'{0x000000009193aab8}> (0x000000009193aab8) 
thrown [s\open\src\hotspot\share\runtime\reflection.cpp, line 1121]
Event: 818.233 Thread 0x000001cac6effe80 Exception <a 'java/lang/reflect/InvocationTargetException'{0x0000000091f44d00}> (0x0000000091f44d00) 
thrown [s\open\src\hotspot\share\runtime\reflection.cpp, line 1121]

VM Operations (20 events):
Event: 815.809 Executing VM operation: G1CollectForAllocation
Event: 815.819 Executing VM operation: G1CollectForAllocation done
Event: 815.839 Executing VM operation: G1CollectForAllocation
Event: 815.849 Executing VM operation: G1CollectForAllocation done
Event: 815.859 Executing VM operation: G1CollectForAllocation
Event: 815.867 Executing VM operation: G1CollectForAllocation done
Event: 815.886 Executing VM operation: G1Concurrent
Event: 816.276 Executing VM operation: G1Concurrent done
Event: 816.289 Executing VM operation: G1Concurrent
Event: 816.742 Executing VM operation: G1Concurrent done
Event: 817.561 Executing VM operation: HandshakeAllThreads
Event: 817.561 Executing VM operation: HandshakeAllThreads done
Event: 817.894 Executing VM operation: G1CollectForAllocation
Event: 817.919 Executing VM operation: G1CollectForAllocation done
Event: 817.924 Executing VM operation: G1CollectForAllocation
Event: 817.935 Executing VM operation: G1CollectForAllocation done
Event: 818.092 Executing VM operation: G1CollectForAllocation
Event: 818.114 Executing VM operation: G1CollectForAllocation done
Event: 818.239 Executing VM operation: G1TryInitiateConcMark
Event: 818.248 Executing VM operation: G1TryInitiateConcMark done

Events (20 events):
Event: 814.101 loading class jdk/internal/reflect/UnsafeIntegerFieldAccessorImpl done
Event: 814.868 loading class java/io/FileFilter
Event: 814.884 loading class java/io/FileFilter done
Event: 817.398 Thread 0x000001cafb1b6760 Thread added: 0x000001cafb1b6760
Event: 817.409 Thread 0x000001cafb1b4e10 Thread added: 0x000001cafb1b4e10
Event: 817.411 Thread 0x000001cafb1b5320 Thread added: 0x000001cafb1b5320
Event: 817.417 Thread 0x000001cafb1b5830 Thread added: 0x000001cafb1b5830
Event: 817.423 Thread 0x000001cafb1b5d40 Thread added: 0x000001cafb1b5d40
Event: 817.461 Thread 0x000001cafb1b6250 Thread added: 0x000001cafb1b6250
Event: 817.461 Thread 0x000001cac6d8a890 Thread added: 0x000001cac6d8a890
Event: 817.461 Thread 0x000001cac6d89960 Thread added: 0x000001cac6d89960
Event: 817.462 Thread 0x000001cac6d8ada0 Thread added: 0x000001cac6d8ada0
Event: 817.462 Thread 0x000001cac6d8a380 Thread added: 0x000001cac6d8a380
Event: 817.462 Thread 0x000001cac6d8b2b0 Thread added: 0x000001cac6d8b2b0
Event: 817.620 loading class java/util/logging/LogRecord
Event: 817.627 loading class java/util/logging/LogRecord done
Event: 817.678 loading class jdk/internal/loader/BootLoader$PackageHelper
Event: 817.682 loading class jdk/internal/loader/BootLoader$PackageHelper done
Event: 817.687 loading class java/security/AllPermissionCollection
Event: 817.690 loading class java/security/AllPermissionCollection done


Dynamic libraries:
0x00007ff751990000 - 0x00007ff7519a0000 	C:\Program Files\Java\jdk-17\bin\java.exe
0x00007fff87b80000 - 0x00007fff87de3000 	C:\WINDOWS\SYSTEM32\ntdll.dll
0x00007fff87410000 - 0x00007fff874d8000 	C:\WINDOWS\System32\KERNEL32.DLL
0x00007fff854f0000 - 0x00007fff858a2000 	C:\WINDOWS\System32\KERNELBASE.dll
0x00007fff850a0000 - 0x00007fff851eb000 	C:\WINDOWS\System32\ucrtbase.dll
0x00007fff70aa0000 - 0x00007fff70ab9000 	C:\Program Files\Java\jdk-17\bin\jli.dll
0x00007fff86930000 - 0x00007fff869e4000 	C:\WINDOWS\System32\ADVAPI32.dll
0x00007fff862f0000 - 0x00007fff86399000 	C:\WINDOWS\System32\msvcrt.dll
0x00007fff86240000 - 0x00007fff862e6000 	C:\WINDOWS\System32\sechost.dll
0x00007fff87a20000 - 0x00007fff87b36000 	C:\WINDOWS\System32\RPCRT4.dll
0x00007fff85ab0000 - 0x00007fff85c78000 	C:\WINDOWS\System32\USER32.dll
0x00007fff85340000 - 0x00007fff85367000 	C:\WINDOWS\System32\win32u.dll
0x00007fff86a20000 - 0x00007fff86a4a000 	C:\WINDOWS\System32\GDI32.dll
0x00007fff858b0000 - 0x00007fff859db000 	C:\WINDOWS\System32\gdi32full.dll
0x00007fff851f0000 - 0x00007fff85293000 	C:\WINDOWS\System32\msvcp_win.dll
0x00007fff706d0000 - 0x00007fff706eb000 	C:\Program Files\Java\jdk-17\bin\VCRUNTIME140.dll
0x00007fff684f0000 - 0x00007fff68780000 	C:\WINDOWS\WinSxS\amd64_microsoft.windows.common-controls_6595b64144ccf1df_6.0.26100.2454_none_3e0b68a2e331ad60\COMCTL32.dll
0x00007fff7a4e0000 - 0x00007fff7a4eb000 	C:\WINDOWS\SYSTEM32\VERSION.dll
0x00007fff873d0000 - 0x00007fff873ff000 	C:\WINDOWS\System32\IMM32.DLL
0x00007fff61300000 - 0x00007fff61462000 	C:\Program Files (x86)\Citrix\ICA Client\ctxapclient64.dll
0x00007fff86400000 - 0x00007fff8677e000 	C:\WINDOWS\System32\combase.dll
0x00007fff84700000 - 0x00007fff84726000 	C:\WINDOWS\SYSTEM32\bcrypt.dll
0x00007fff83eb0000 - 0x00007fff83ee5000 	C:\WINDOWS\SYSTEM32\ntmarta.dll
0x00007fff852a0000 - 0x00007fff85339000 	C:\WINDOWS\System32\bcryptprimitives.dll
0x00007fff801d0000 - 0x00007fff801dc000 	C:\Program Files\Java\jdk-17\bin\vcruntime140_1.dll
0x00007fff37ee0000 - 0x00007fff37f6e000 	C:\Program Files\Java\jdk-17\bin\msvcp140.dll
0x00007fff0aaf0000 - 0x00007fff0b6d0000 	C:\Program Files\Java\jdk-17\bin\server\jvm.dll
0x00007fff85aa0000 - 0x00007fff85aa8000 	C:\WINDOWS\System32\PSAPI.DLL
0x00007fff61040000 - 0x00007fff6104a000 	C:\WINDOWS\SYSTEM32\WSOCK32.dll
0x000001cadc8a0000 - 0x000001cadc914000 	C:\WINDOWS\System32\WS2_32.dll
0x00007fff7a100000 - 0x00007fff7a136000 	C:\WINDOWS\SYSTEM32\WINMM.dll
0x00007fff83d90000 - 0x00007fff83daa000 	C:\WINDOWS\SYSTEM32\kernel.appcore.dll
0x00007fff7f510000 - 0x00007fff7f51a000 	C:\Program Files\Java\jdk-17\bin\jimage.dll
0x00007fff7af40000 - 0x00007fff7b181000 	C:\WINDOWS\SYSTEM32\DBGHELP.DLL
0x00007fff878c0000 - 0x00007fff87996000 	C:\WINDOWS\System32\OLEAUT32.dll
0x00007fff654b0000 - 0x00007fff654e9000 	C:\WINDOWS\SYSTEM32\dbgcore.DLL
0x00007fff65900000 - 0x00007fff65925000 	C:\Program Files\Java\jdk-17\bin\java.dll
0x00007fff0aa10000 - 0x00007fff0aae7000 	C:\Program Files\Java\jdk-17\bin\jsvml.dll
0x00007fff86cb0000 - 0x00007fff873b1000 	C:\WINDOWS\System32\SHELL32.dll
0x00007fff82c30000 - 0x00007fff83461000 	C:\WINDOWS\SYSTEM32\windows.storage.dll
0x00007fff86ae0000 - 0x00007fff86bba000 	C:\WINDOWS\System32\SHCORE.dll
0x00007fff863a0000 - 0x00007fff863fd000 	C:\WINDOWS\System32\shlwapi.dll
0x00007fff84e60000 - 0x00007fff84e8e000 	C:\WINDOWS\SYSTEM32\profapi.dll
0x00007fff6d020000 - 0x00007fff6d039000 	C:\Program Files\Java\jdk-17\bin\net.dll
0x00007fff7f950000 - 0x00007fff7fa76000 	C:\WINDOWS\SYSTEM32\WINHTTP.dll
0x00007fff84290000 - 0x00007fff842f8000 	C:\WINDOWS\system32\mswsock.dll
0x00007fff69990000 - 0x00007fff699a6000 	C:\Program Files\Java\jdk-17\bin\nio.dll
0x00007fff66eb0000 - 0x00007fff66ec8000 	C:\Program Files\Java\jdk-17\bin\zip.dll
0x00007fff7cc00000 - 0x00007fff7cc10000 	C:\Program Files\Java\jdk-17\bin\verify.dll
0x00007fff837b0000 - 0x00007fff838d5000 	C:\WINDOWS\SYSTEM32\DNSAPI.dll
0x00007fff83770000 - 0x00007fff837a2000 	C:\WINDOWS\SYSTEM32\IPHLPAPI.DLL
0x00007fff873c0000 - 0x00007fff873ca000 	C:\WINDOWS\System32\NSI.dll
0x00007fff7f120000 - 0x00007fff7f12b000 	C:\Windows\System32\rasadhlp.dll
0x00007fff80850000 - 0x00007fff808d5000 	C:\WINDOWS\System32\fwpuclnt.dll
0x00007fff70af0000 - 0x00007fff70afa000 	C:\Program Files\Java\jdk-17\bin\management.dll
0x00007fff706c0000 - 0x00007fff706cb000 	C:\Program Files\Java\jdk-17\bin\management_ext.dll

dbghelp: loaded successfully - version: 4.0.5 - missing functions: none
symbol engine: initialized successfully - sym options: 0x614 - pdb path: .;C:\Program Files\Java\jdk-17\bin;C:\WINDOWS\SYSTEM32;C:\WINDOWS\WinSxS\amd64_microsoft.windows.common-controls_6595b64144ccf1df_6.0.26100.2454_none_3e0b68a2e331ad60;C:\Program Files (x86)\Citrix\ICA Client;C:\Program Files\Java\jdk-17\bin\server

VM Arguments:
java_command: c:\Users\Bopaki\.vscode\extensions\salesforce.salesforce-vscode-slds-2.0.12\lsp-2.0.12-executable.jar --PORT=63593
java_class_path (initial): c:\Users\Bopaki\.vscode\extensions\salesforce.salesforce-vscode-slds-2.0.12\lsp-2.0.12-executable.jar
Launcher Type: SUN_STANDARD

[Global flags]
     intx CICompilerCount                          = 4                                         {product} {ergonomic}
     uint ConcGCThreads                            = 3                                         {product} {ergonomic}
     uint G1ConcRefinementThreads                  = 10                                        {product} {ergonomic}
   size_t G1HeapRegionSize                         = 1048576                                   {product} {ergonomic}
    uintx GCDrainStackTargetSize                   = 64                                        {product} {ergonomic}
   size_t InitialHeapSize                          = 123731968                                 {product} {ergonomic}
   size_t MarkStackSize                            = 4194304                                   {product} {ergonomic}
   size_t MaxHeapSize                              = 1967128576                                {product} {ergonomic}
   size_t MaxNewSize                               = 1179648000                                {product} {ergonomic}
   size_t MinHeapDeltaBytes                        = 1048576                                   {product} {ergonomic}
   size_t MinHeapSize                              = 8388608                                   {product} {ergonomic}
    uintx NonNMethodCodeHeapSize                   = 5839372                                {pd product} {ergonomic}
    uintx NonProfiledCodeHeapSize                  = 122909434                              {pd product} {ergonomic}
    uintx ProfiledCodeHeapSize                     = 122909434                              {pd product} {ergonomic}
    uintx ReservedCodeCacheSize                    = 251658240                              {pd product} {ergonomic}
     bool SegmentedCodeCache                       = true                                      {product} {ergonomic}
   size_t SoftMaxHeapSize                          = 1967128576                             {manageable} {ergonomic}
     bool UseCompressedClassPointers               = true                           {product lp64_product} {ergonomic}
     bool UseCompressedOops                        = true                           {product lp64_product} {ergonomic}
     bool UseG1GC                                  = true                                      {product} {ergonomic}
     bool UseLargePagesIndividualAllocation        = false                                  {pd product} {ergonomic}

Logging:
Log output configuration:
 #0: stdout all=warning uptime,level,tags
 #1: stderr all=off uptime,level,tags

Environment Variables:
JAVA_HOME=C:\Program Files\Java\jdk-17
PATH=C:\Program Files\Common Files\Oracle\Java\javapath;C:\Program Files (x86)\Common Files\Oracle\Java\javapath;C:\WINDOWS\system32;C:\WINDOWS;C:\WINDOWS\System32\Wbem;C:\WINDOWS\System32\WindowsPowerShell\v1.0\;C:\WINDOWS\System32\OpenSSH\;C:\Program Files\HP\HP One Agent;C:\Program Files\Git\cmd;C:\WINDOWS\system32;C:\WINDOWS;C:\WINDOWS\System32\Wbem;C:\WINDOWS\System32\WindowsPowerShell\v1.0\;C:\WINDOWS\System32\OpenSSH\;C:\Program Files\Docker\Docker\resources\bin;C:\Program Files (x86)\Windows Kits\10\Windows Performance Toolkit\;C:\Users\Bopaki\AppData\Local\Pub\Cache\bin;C:\Users\Bopaki\AppData\Local\Microsoft\WindowsApps;C:\Users\Bopaki\AppData\Local\Programs\Microsoft VS Code\bin;C:\Program Files (x86)\node;C:\flutter\bin;C:\Program Files\sf\bin;C:\Users\Bopaki\flutter\bin;C:\Users\Bopaki\AppData\Local\Pub\Cache\bin;
USERNAME=Bopaki
OS=Windows_NT
PROCESSOR_IDENTIFIER=AMD64 Family 23 Model 104 Stepping 1, AuthenticAMD



---------------  S Y S T E M  ---------------

OS:
 Windows 11 , 64 bit Build 26100 (10.0.26100.2454)
OS uptime: 6 days 10:10 hours
Hyper-V role detected

CPU: total 12 (initial active 12) (12 cores per cpu, 2 threads per core) family 23 model 104 stepping 1 microcode 0x8608107, cx8, cmov, fxsr, ht, mmx, 3dnowpref, sse, sse2, sse3, ssse3, sse4a, sse4.1, sse4.2, popcnt, lzcnt, tsc, tscinvbit, avx, avx2, aes, clmul, bmi1, bmi2, adx, sha, fma, vzeroupper, clflush, clflushopt, hv

Memory: 4k page, system-wide physical 7501M (6M free)
TotalPageFile size 30029M (AvailPageFile size 10M)
current process WorkingSet (physical memory assigned to process): 225M, peak: 230M
current process commit charge ("private bytes"): 483M, peak: 491M

vm_info: Java HotSpot(TM) 64-Bit Server VM (17.0.12+8-LTS-286) for windows-amd64 JRE (17.0.12+8-LTS-286), built on Jun  5 2024 06:46:59 by "mach5one" with MS VC++ 17.6 (VS2022)

END.
